{"/Users/shynggysumbetov/Documents/Projets/Omedom/omedom/App.tsx": {"path":"/Users/shynggysumbetov/Documents/Projets/Omedom/omedom/App.tsx","statementMap":{"0":{"start":{"line":28,"column":14},"end":{"line":34,"column":1}},"1":{"start":{"line":37,"column":22},"end":{"line":37,"column":38}},"2":{"start":{"line":39,"column":22},"end":{"line":39,"column":47}},"3":{"start":{"line":41,"column":2},"end":{"line":62,"column":3}},"4":{"start":{"line":42,"column":4},"end":{"line":49,"column":5}},"5":{"start":{"line":43,"column":6},"end":{"line":48,"column":8}},"6":{"start":{"line":50,"column":4},"end":{"line":56,"column":9}},"7":{"start":{"line":51,"column":30},"end":{"line":51,"column":62}},"8":{"start":{"line":52,"column":6},"end":{"line":55,"column":7}},"9":{"start":{"line":53,"column":8},"end":{"line":53,"column":43}},"10":{"start":{"line":54,"column":8},"end":{"line":54,"column":35}},"11":{"start":{"line":57,"column":4},"end":{"line":61,"column":6}},"12":{"start":{"line":64,"column":2},"end":{"line":78,"column":4}}},"fnMap":{"0":{"name":"App","decl":{"start":{"line":36,"column":9},"end":{"line":36,"column":12}},"loc":{"start":{"line":36,"column":15},"end":{"line":79,"column":1}},"line":36},"1":{"name":"(anonymous_1)","decl":{"start":{"line":50,"column":5},"end":{"line":50,"column":6}},"loc":{"start":{"line":50,"column":17},"end":{"line":56,"column":5}},"line":50}},"branchMap":{"0":{"loc":{"start":{"line":41,"column":2},"end":{"line":62,"column":3}},"type":"if","locations":[{"start":{"line":41,"column":2},"end":{"line":62,"column":3}},{"start":{"line":41,"column":2},"end":{"line":62,"column":3}}],"line":41},"1":{"loc":{"start":{"line":42,"column":4},"end":{"line":49,"column":5}},"type":"if","locations":[{"start":{"line":42,"column":4},"end":{"line":49,"column":5}},{"start":{"line":42,"column":4},"end":{"line":49,"column":5}}],"line":42},"2":{"loc":{"start":{"line":52,"column":6},"end":{"line":55,"column":7}},"type":"if","locations":[{"start":{"line":52,"column":6},"end":{"line":55,"column":7}},{"start":{"line":52,"column":6},"end":{"line":55,"column":7}}],"line":52},"3":{"loc":{"start":{"line":52,"column":10},"end":{"line":52,"column":64}},"type":"binary-expr","locations":[{"start":{"line":52,"column":10},"end":{"line":52,"column":36}},{"start":{"line":52,"column":40},"end":{"line":52,"column":64}}],"line":52}},"s":{"0":0,"1":0,"2":0,"3":0,"4":0,"5":0,"6":0,"7":0,"8":0,"9":0,"10":0,"11":0,"12":0},"f":{"0":0,"1":0},"b":{"0":[0,0],"1":[0,0],"2":[0,0],"3":[0,0]}}
,"/Users/shynggysumbetov/Documents/Projets/Omedom/omedom/custom-theme.ts": {"path":"/Users/shynggysumbetov/Documents/Projets/Omedom/omedom/custom-theme.ts","statementMap":{"0":{"start":{"line":3,"column":23},"end":{"line":79,"column":1}}},"fnMap":{},"branchMap":{},"s":{"0":0},"f":{},"b":{}}
,"/Users/shynggysumbetov/Documents/Projets/Omedom/omedom/react-native.config.js": {"path":"/Users/shynggysumbetov/Documents/Projets/Omedom/omedom/react-native.config.js","statementMap":{"0":{"start":{"line":1,"column":0},"end":{"line":7,"column":2}}},"fnMap":{},"branchMap":{},"s":{"0":0},"f":{},"b":{}}
,"/Users/shynggysumbetov/Documents/Projets/Omedom/omedom/types.tsx": {"path":"/Users/shynggysumbetov/Documents/Projets/Omedom/omedom/types.tsx","statementMap":{},"fnMap":{},"branchMap":{},"s":{},"f":{},"b":{}}
,"/Users/shynggysumbetov/Documents/Projets/Omedom/omedom/webpack.config.js": {"path":"/Users/shynggysumbetov/Documents/Projets/Omedom/omedom/webpack.config.js","statementMap":{"0":{"start":{"line":1,"column":37},"end":{"line":1,"column":68}},"1":{"start":{"line":2,"column":13},"end":{"line":2,"column":28}},"2":{"start":{"line":4,"column":0},"end":{"line":19,"column":2}},"3":{"start":{"line":5,"column":17},"end":{"line":5,"column":62}},"4":{"start":{"line":6,"column":2},"end":{"line":17,"column":4}},"5":{"start":{"line":7,"column":4},"end":{"line":16,"column":5}},"6":{"start":{"line":8,"column":6},"end":{"line":15,"column":8}},"7":{"start":{"line":9,"column":8},"end":{"line":14,"column":9}},"8":{"start":{"line":10,"column":10},"end":{"line":13,"column":11}},"9":{"start":{"line":18,"column":2},"end":{"line":18,"column":16}}},"fnMap":{"0":{"name":"(anonymous_0)","decl":{"start":{"line":4,"column":17},"end":{"line":4,"column":18}},"loc":{"start":{"line":4,"column":43},"end":{"line":19,"column":1}},"line":4},"1":{"name":"(anonymous_1)","decl":{"start":{"line":6,"column":30},"end":{"line":6,"column":31}},"loc":{"start":{"line":6,"column":35},"end":{"line":17,"column":3}},"line":6},"2":{"name":"(anonymous_2)","decl":{"start":{"line":8,"column":22},"end":{"line":8,"column":23}},"loc":{"start":{"line":8,"column":27},"end":{"line":15,"column":7}},"line":8}},"branchMap":{"0":{"loc":{"start":{"line":7,"column":4},"end":{"line":16,"column":5}},"type":"if","locations":[{"start":{"line":7,"column":4},"end":{"line":16,"column":5}},{"start":{"line":7,"column":4},"end":{"line":16,"column":5}}],"line":7},"1":{"loc":{"start":{"line":9,"column":8},"end":{"line":14,"column":9}},"type":"if","locations":[{"start":{"line":9,"column":8},"end":{"line":14,"column":9}},{"start":{"line":9,"column":8},"end":{"line":14,"column":9}}],"line":9},"2":{"loc":{"start":{"line":9,"column":12},"end":{"line":9,"column":74}},"type":"binary-expr","locations":[{"start":{"line":9,"column":12},"end":{"line":9,"column":17}},{"start":{"line":9,"column":21},"end":{"line":9,"column":33}},{"start":{"line":9,"column":37},"end":{"line":9,"column":74}}],"line":9}},"s":{"0":0,"1":0,"2":0,"3":0,"4":0,"5":0,"6":0,"7":0,"8":0,"9":0},"f":{"0":0,"1":0,"2":0},"b":{"0":[0,0],"1":[0,0],"2":[0,0,0]}}
,"/Users/shynggysumbetov/Documents/Projets/Omedom/omedom/assets/asset-icons.tsx": {"path":"/Users/shynggysumbetov/Documents/Projets/Omedom/omedom/assets/asset-icons.tsx","statementMap":{"0":{"start":{"line":4,"column":21},"end":{"line":8,"column":2}},"1":{"start":{"line":4,"column":34},"end":{"line":8,"column":1}},"2":{"start":{"line":6,"column":4},"end":{"line":6,"column":40}},"3":{"start":{"line":10,"column":23},"end":{"line":17,"column":1}}},"fnMap":{"0":{"name":"(anonymous_0)","decl":{"start":{"line":4,"column":21},"end":{"line":4,"column":22}},"loc":{"start":{"line":4,"column":34},"end":{"line":8,"column":1}},"line":4},"1":{"name":"(anonymous_1)","decl":{"start":{"line":5,"column":18},"end":{"line":5,"column":19}},"loc":{"start":{"line":6,"column":4},"end":{"line":6,"column":40}},"line":6}},"branchMap":{},"s":{"0":0,"1":0,"2":0,"3":0},"f":{"0":0,"1":0},"b":{}}
,"/Users/shynggysumbetov/Documents/Projets/Omedom/omedom/assets/feather-icons.tsx": {"path":"/Users/shynggysumbetov/Documents/Projets/Omedom/omedom/assets/feather-icons.tsx","statementMap":{"0":{"start":{"line":6,"column":2},"end":{"line":10,"column":5}},"1":{"start":{"line":8,"column":6},"end":{"line":8,"column":32}},"2":{"start":{"line":13,"column":25},"end":{"line":16,"column":1}},"3":{"start":{"line":19,"column":46},"end":{"line":19,"column":71}},"4":{"start":{"line":20,"column":2},"end":{"line":23,"column":4}},"5":{"start":{"line":26,"column":21},"end":{"line":28,"column":2}},"6":{"start":{"line":26,"column":32},"end":{"line":28,"column":1}},"7":{"start":{"line":27,"column":29},"end":{"line":27,"column":60}}},"fnMap":{"0":{"name":"createIconsMap","decl":{"start":{"line":5,"column":9},"end":{"line":5,"column":23}},"loc":{"start":{"line":5,"column":26},"end":{"line":11,"column":1}},"line":5},"1":{"name":"(anonymous_1)","decl":{"start":{"line":7,"column":4},"end":{"line":7,"column":5}},"loc":{"start":{"line":7,"column":22},"end":{"line":9,"column":5}},"line":7},"2":{"name":"FeatherIcon","decl":{"start":{"line":18,"column":9},"end":{"line":18,"column":20}},"loc":{"start":{"line":18,"column":38},"end":{"line":24,"column":1}},"line":18},"3":{"name":"(anonymous_3)","decl":{"start":{"line":26,"column":21},"end":{"line":26,"column":22}},"loc":{"start":{"line":26,"column":32},"end":{"line":28,"column":1}},"line":26},"4":{"name":"(anonymous_4)","decl":{"start":{"line":27,"column":18},"end":{"line":27,"column":19}},"loc":{"start":{"line":27,"column":29},"end":{"line":27,"column":60}},"line":27}},"branchMap":{},"s":{"0":0,"1":0,"2":0,"3":0,"4":0,"5":0,"6":0,"7":0},"f":{"0":0,"1":0,"2":0,"3":0,"4":0},"b":{}}
,"/Users/shynggysumbetov/Documents/Projets/Omedom/omedom/assets/styles.ts": {"path":"/Users/shynggysumbetov/Documents/Projets/Omedom/omedom/assets/styles.ts","statementMap":{"0":{"start":{"line":5,"column":30},"end":{"line":20,"column":1}},"1":{"start":{"line":22,"column":32},"end":{"line":29,"column":1}},"2":{"start":{"line":31,"column":31},"end":{"line":38,"column":1}},"3":{"start":{"line":40,"column":35},"end":{"line":46,"column":1}},"4":{"start":{"line":49,"column":42},"end":{"line":121,"column":1}}},"fnMap":{},"branchMap":{},"s":{"0":0,"1":0,"2":0,"3":0,"4":0},"f":{},"b":{}}
,"/Users/shynggysumbetov/Documents/Projets/Omedom/omedom/assets/stylesTypes.ts": {"path":"/Users/shynggysumbetov/Documents/Projets/Omedom/omedom/assets/stylesTypes.ts","statementMap":{},"fnMap":{},"branchMap":{},"s":{},"f":{},"b":{}}
,"/Users/shynggysumbetov/Documents/Projets/Omedom/omedom/components/ActivityIndicator.tsx": {"path":"/Users/shynggysumbetov/Documents/Projets/Omedom/omedom/components/ActivityIndicator.tsx","statementMap":{"0":{"start":{"line":12,"column":2},"end":{"line":12,"column":51}}},"fnMap":{"0":{"name":"ActivityIndicator","decl":{"start":{"line":11,"column":24},"end":{"line":11,"column":41}},"loc":{"start":{"line":11,"column":86},"end":{"line":13,"column":1}},"line":11}},"branchMap":{},"s":{"0":0},"f":{"0":0},"b":{}}
,"/Users/shynggysumbetov/Documents/Projets/Omedom/omedom/components/CompteFooter.tsx": {"path":"/Users/shynggysumbetov/Documents/Projets/Omedom/omedom/components/CompteFooter.tsx","statementMap":{"0":{"start":{"line":5,"column":21},"end":{"line":24,"column":1}},"1":{"start":{"line":6,"column":18},"end":{"line":8,"column":3}},"2":{"start":{"line":7,"column":4},"end":{"line":7,"column":35}},"3":{"start":{"line":10,"column":2},"end":{"line":23,"column":4}},"4":{"start":{"line":26,"column":15},"end":{"line":41,"column":2}}},"fnMap":{"0":{"name":"(anonymous_0)","decl":{"start":{"line":5,"column":21},"end":{"line":5,"column":22}},"loc":{"start":{"line":5,"column":27},"end":{"line":24,"column":1}},"line":5},"1":{"name":"(anonymous_1)","decl":{"start":{"line":6,"column":18},"end":{"line":6,"column":19}},"loc":{"start":{"line":6,"column":24},"end":{"line":8,"column":3}},"line":6}},"branchMap":{},"s":{"0":1,"1":0,"2":0,"3":0,"4":1},"f":{"0":0,"1":0},"b":{},"_coverageSchema":"1a1c01bbd47fc00a2c39e90264f33305004495a9","hash":"815163c75b6937734db4fa2e6c07bc0299ebb24d"}
,"/Users/shynggysumbetov/Documents/Projets/Omedom/omedom/components/CompteHeader.tsx": {"path":"/Users/shynggysumbetov/Documents/Projets/Omedom/omedom/components/CompteHeader.tsx","statementMap":{"0":{"start":{"line":9,"column":21},"end":{"line":16,"column":1}},"1":{"start":{"line":10,"column":4},"end":{"line":15,"column":5}}},"fnMap":{"0":{"name":"(anonymous_0)","decl":{"start":{"line":9,"column":21},"end":{"line":9,"column":22}},"loc":{"start":{"line":9,"column":48},"end":{"line":16,"column":1}},"line":9}},"branchMap":{},"s":{"0":1,"1":0},"f":{"0":0},"b":{},"_coverageSchema":"1a1c01bbd47fc00a2c39e90264f33305004495a9","hash":"bcab9693904d8592dfeb2a1f0aacb76c3a241f41"}
,"/Users/shynggysumbetov/Documents/Projets/Omedom/omedom/components/EditScreenInfo.tsx": {"path":"/Users/shynggysumbetov/Documents/Projets/Omedom/omedom/components/EditScreenInfo.tsx","statementMap":{"0":{"start":{"line":10,"column":2},"end":{"line":43,"column":4}},"1":{"start":{"line":47,"column":2},"end":{"line":49,"column":4}},"2":{"start":{"line":52,"column":15},"end":{"line":108,"column":2}}},"fnMap":{"0":{"name":"EditScreenInfo","decl":{"start":{"line":9,"column":24},"end":{"line":9,"column":38}},"loc":{"start":{"line":9,"column":67},"end":{"line":44,"column":1}},"line":9},"1":{"name":"handleHelpPress","decl":{"start":{"line":46,"column":9},"end":{"line":46,"column":24}},"loc":{"start":{"line":46,"column":27},"end":{"line":50,"column":1}},"line":46}},"branchMap":{},"s":{"0":0,"1":0,"2":0},"f":{"0":0,"1":0},"b":{}}
,"/Users/shynggysumbetov/Documents/Projets/Omedom/omedom/components/StyledText.tsx": {"path":"/Users/shynggysumbetov/Documents/Projets/Omedom/omedom/components/StyledText.tsx","statementMap":{"0":{"start":{"line":6,"column":2},"end":{"line":6,"column":81}}},"fnMap":{"0":{"name":"MonoText","decl":{"start":{"line":5,"column":16},"end":{"line":5,"column":24}},"loc":{"start":{"line":5,"column":43},"end":{"line":7,"column":1}},"line":5}},"branchMap":{},"s":{"0":1},"f":{"0":1},"b":{},"_coverageSchema":"1a1c01bbd47fc00a2c39e90264f33305004495a9","hash":"2879cc0f383c1829b994561203b3b82a3f3031ae"}
,"/Users/shynggysumbetov/Documents/Projets/Omedom/omedom/components/Themed.tsx": {"path":"/Users/shynggysumbetov/Documents/Projets/Omedom/omedom/components/Themed.tsx","statementMap":{"0":{"start":{"line":11,"column":16},"end":{"line":11,"column":32}},"1":{"start":{"line":12,"column":25},"end":{"line":12,"column":37}},"2":{"start":{"line":14,"column":2},"end":{"line":18,"column":3}},"3":{"start":{"line":15,"column":4},"end":{"line":15,"column":26}},"4":{"start":{"line":17,"column":4},"end":{"line":17,"column":36}},"5":{"start":{"line":30,"column":58},"end":{"line":30,"column":63}},"6":{"start":{"line":31,"column":16},"end":{"line":31,"column":77}},"7":{"start":{"line":33,"column":2},"end":{"line":33,"column":68}},"8":{"start":{"line":37,"column":58},"end":{"line":37,"column":63}},"9":{"start":{"line":38,"column":26},"end":{"line":38,"column":93}},"10":{"start":{"line":40,"column":2},"end":{"line":40,"column":78}}},"fnMap":{"0":{"name":"useThemeColor","decl":{"start":{"line":7,"column":16},"end":{"line":7,"column":29}},"loc":{"start":{"line":10,"column":2},"end":{"line":19,"column":1}},"line":10},"1":{"name":"Text","decl":{"start":{"line":29,"column":16},"end":{"line":29,"column":20}},"loc":{"start":{"line":29,"column":39},"end":{"line":34,"column":1}},"line":29},"2":{"name":"View","decl":{"start":{"line":36,"column":16},"end":{"line":36,"column":20}},"loc":{"start":{"line":36,"column":39},"end":{"line":41,"column":1}},"line":36}},"branchMap":{"0":{"loc":{"start":{"line":14,"column":2},"end":{"line":18,"column":3}},"type":"if","locations":[{"start":{"line":14,"column":2},"end":{"line":18,"column":3}},{"start":{"line":14,"column":2},"end":{"line":18,"column":3}}],"line":14}},"s":{"0":1,"1":1,"2":1,"3":0,"4":1,"5":1,"6":1,"7":1,"8":0,"9":0,"10":0},"f":{"0":1,"1":1,"2":0},"b":{"0":[0,1]},"_coverageSchema":"1a1c01bbd47fc00a2c39e90264f33305004495a9","hash":"502e16f5129f606abb4c7482ceea2dba12da532e"}
,"/Users/shynggysumbetov/Documents/Projets/Omedom/omedom/components/CompteBancaires/ComptesBancaires.tsx": {"path":"/Users/shynggysumbetov/Documents/Projets/Omedom/omedom/components/CompteBancaires/ComptesBancaires.tsx","statementMap":{"0":{"start":{"line":10,"column":25},"end":{"line":42,"column":3}},"1":{"start":{"line":16,"column":4},"end":{"line":40,"column":13}},"2":{"start":{"line":27,"column":12},"end":{"line":27,"column":42}},"3":{"start":{"line":29,"column":36},"end":{"line":29,"column":65}},"4":{"start":{"line":31,"column":12},"end":{"line":33,"column":21}},"5":{"start":{"line":36,"column":34},"end":{"line":36,"column":41}},"6":{"start":{"line":44,"column":15},"end":{"line":64,"column":2}}},"fnMap":{"0":{"name":"(anonymous_0)","decl":{"start":{"line":10,"column":25},"end":{"line":10,"column":26}},"loc":{"start":{"line":16,"column":4},"end":{"line":40,"column":13}},"line":16},"1":{"name":"(anonymous_1)","decl":{"start":{"line":26,"column":31},"end":{"line":26,"column":32}},"loc":{"start":{"line":27,"column":12},"end":{"line":27,"column":42}},"line":27},"2":{"name":"(anonymous_2)","decl":{"start":{"line":29,"column":22},"end":{"line":29,"column":23}},"loc":{"start":{"line":29,"column":36},"end":{"line":29,"column":65}},"line":29},"3":{"name":"(anonymous_3)","decl":{"start":{"line":30,"column":31},"end":{"line":30,"column":32}},"loc":{"start":{"line":31,"column":12},"end":{"line":33,"column":21}},"line":31},"4":{"name":"(anonymous_4)","decl":{"start":{"line":36,"column":24},"end":{"line":36,"column":25}},"loc":{"start":{"line":36,"column":34},"end":{"line":36,"column":41}},"line":36}},"branchMap":{},"s":{"0":1,"1":0,"2":0,"3":0,"4":0,"5":0,"6":1},"f":{"0":0,"1":0,"2":0,"3":0,"4":0},"b":{},"_coverageSchema":"1a1c01bbd47fc00a2c39e90264f33305004495a9","hash":"9e682171edbef5f3d2f90b6e6026e5eb21ff45b0"}
,"/Users/shynggysumbetov/Documents/Projets/Omedom/omedom/components/CompteBancaires/OwnerCompte/OwnerCompte.tsx": {"path":"/Users/shynggysumbetov/Documents/Projets/Omedom/omedom/components/CompteBancaires/OwnerCompte/OwnerCompte.tsx","statementMap":{"0":{"start":{"line":8,"column":20},"end":{"line":64,"column":1}},"1":{"start":{"line":9,"column":18},"end":{"line":11,"column":3}},"2":{"start":{"line":10,"column":4},"end":{"line":10,"column":35}},"3":{"start":{"line":13,"column":2},"end":{"line":63,"column":4}},"4":{"start":{"line":66,"column":15},"end":{"line":75,"column":2}}},"fnMap":{"0":{"name":"(anonymous_0)","decl":{"start":{"line":8,"column":20},"end":{"line":8,"column":21}},"loc":{"start":{"line":8,"column":36},"end":{"line":64,"column":1}},"line":8},"1":{"name":"(anonymous_1)","decl":{"start":{"line":9,"column":18},"end":{"line":9,"column":19}},"loc":{"start":{"line":9,"column":24},"end":{"line":11,"column":3}},"line":9}},"branchMap":{},"s":{"0":1,"1":0,"2":0,"3":0,"4":1},"f":{"0":0,"1":0},"b":{},"_coverageSchema":"1a1c01bbd47fc00a2c39e90264f33305004495a9","hash":"4cfae2019d39dd9a72e9d57cec9e4eb1936c3d56"}
,"/Users/shynggysumbetov/Documents/Projets/Omedom/omedom/components/CompteHeader/CompteHeader.tsx": {"path":"/Users/shynggysumbetov/Documents/Projets/Omedom/omedom/components/CompteHeader/CompteHeader.tsx","statementMap":{"0":{"start":{"line":5,"column":21},"end":{"line":28,"column":1}},"1":{"start":{"line":7,"column":2},"end":{"line":26,"column":11}}},"fnMap":{"0":{"name":"(anonymous_0)","decl":{"start":{"line":5,"column":21},"end":{"line":5,"column":22}},"loc":{"start":{"line":7,"column":2},"end":{"line":26,"column":11}},"line":7}},"branchMap":{},"s":{"0":1,"1":0},"f":{"0":0},"b":{},"_coverageSchema":"1a1c01bbd47fc00a2c39e90264f33305004495a9","hash":"db4f670a5c798d9817b1704760d757d512d488ec"}
,"/Users/shynggysumbetov/Documents/Projets/Omedom/omedom/components/Contact/Contact.tsx": {"path":"/Users/shynggysumbetov/Documents/Projets/Omedom/omedom/components/Contact/Contact.tsx","statementMap":{"0":{"start":{"line":7,"column":16},"end":{"line":29,"column":1}},"1":{"start":{"line":8,"column":2},"end":{"line":28,"column":17}},"2":{"start":{"line":14,"column":37},"end":{"line":14,"column":49}},"3":{"start":{"line":16,"column":8},"end":{"line":18,"column":17}},"4":{"start":{"line":21,"column":8},"end":{"line":24,"column":17}},"5":{"start":{"line":31,"column":15},"end":{"line":74,"column":2}}},"fnMap":{"0":{"name":"(anonymous_0)","decl":{"start":{"line":7,"column":16},"end":{"line":7,"column":17}},"loc":{"start":{"line":8,"column":2},"end":{"line":28,"column":17}},"line":8},"1":{"name":"(anonymous_1)","decl":{"start":{"line":14,"column":20},"end":{"line":14,"column":21}},"loc":{"start":{"line":14,"column":37},"end":{"line":14,"column":49}},"line":14},"2":{"name":"(anonymous_2)","decl":{"start":{"line":15,"column":18},"end":{"line":15,"column":19}},"loc":{"start":{"line":16,"column":8},"end":{"line":18,"column":17}},"line":16},"3":{"name":"(anonymous_3)","decl":{"start":{"line":20,"column":27},"end":{"line":20,"column":28}},"loc":{"start":{"line":21,"column":8},"end":{"line":24,"column":17}},"line":21}},"branchMap":{},"s":{"0":2,"1":0,"2":0,"3":0,"4":0,"5":2},"f":{"0":0,"1":0,"2":0,"3":0},"b":{},"_coverageSchema":"1a1c01bbd47fc00a2c39e90264f33305004495a9","hash":"8bbf68b03ba1d4ce8828cd73b8eafb45aade5295"}
,"/Users/shynggysumbetov/Documents/Projets/Omedom/omedom/components/Faq/Faq.tsx": {"path":"/Users/shynggysumbetov/Documents/Projets/Omedom/omedom/components/Faq/Faq.tsx","statementMap":{"0":{"start":{"line":8,"column":12},"end":{"line":30,"column":1}},"1":{"start":{"line":9,"column":2},"end":{"line":29,"column":17}},"2":{"start":{"line":15,"column":37},"end":{"line":15,"column":49}},"3":{"start":{"line":17,"column":8},"end":{"line":19,"column":15}},"4":{"start":{"line":22,"column":8},"end":{"line":25,"column":15}},"5":{"start":{"line":32,"column":15},"end":{"line":72,"column":2}}},"fnMap":{"0":{"name":"(anonymous_0)","decl":{"start":{"line":8,"column":12},"end":{"line":8,"column":13}},"loc":{"start":{"line":9,"column":2},"end":{"line":29,"column":17}},"line":9},"1":{"name":"(anonymous_1)","decl":{"start":{"line":15,"column":20},"end":{"line":15,"column":21}},"loc":{"start":{"line":15,"column":37},"end":{"line":15,"column":49}},"line":15},"2":{"name":"(anonymous_2)","decl":{"start":{"line":16,"column":18},"end":{"line":16,"column":19}},"loc":{"start":{"line":17,"column":8},"end":{"line":19,"column":15}},"line":17},"3":{"name":"(anonymous_3)","decl":{"start":{"line":21,"column":27},"end":{"line":21,"column":28}},"loc":{"start":{"line":22,"column":8},"end":{"line":25,"column":15}},"line":22}},"branchMap":{},"s":{"0":1,"1":0,"2":0,"3":0,"4":0,"5":1},"f":{"0":0,"1":0,"2":0,"3":0},"b":{},"_coverageSchema":"1a1c01bbd47fc00a2c39e90264f33305004495a9","hash":"11a93635a76f465bfafc33f82391f613d1f54ec9"}
,"/Users/shynggysumbetov/Documents/Projets/Omedom/omedom/components/Icon/Icon.tsx": {"path":"/Users/shynggysumbetov/Documents/Projets/Omedom/omedom/components/Icon/Icon.tsx","statementMap":{"0":{"start":{"line":19,"column":27},"end":{"line":19,"column":90}},"1":{"start":{"line":24,"column":6},"end":{"line":24,"column":11}},"2":{"start":{"line":26,"column":2},"end":{"line":34,"column":3}},"3":{"start":{"line":27,"column":4},"end":{"line":27,"column":31}},"4":{"start":{"line":28,"column":9},"end":{"line":34,"column":3}},"5":{"start":{"line":29,"column":4},"end":{"line":29,"column":33}},"6":{"start":{"line":30,"column":9},"end":{"line":34,"column":3}},"7":{"start":{"line":31,"column":4},"end":{"line":31,"column":22}},"8":{"start":{"line":33,"column":4},"end":{"line":33,"column":32}},"9":{"start":{"line":35,"column":25},"end":{"line":35,"column":38}},"10":{"start":{"line":36,"column":2},"end":{"line":38,"column":3}},"11":{"start":{"line":37,"column":4},"end":{"line":37,"column":20}},"12":{"start":{"line":39,"column":2},"end":{"line":39,"column":106}}},"fnMap":{"0":{"name":"Icon","decl":{"start":{"line":21,"column":24},"end":{"line":21,"column":28}},"loc":{"start":{"line":21,"column":60},"end":{"line":40,"column":1}},"line":21}},"branchMap":{"0":{"loc":{"start":{"line":26,"column":2},"end":{"line":34,"column":3}},"type":"if","locations":[{"start":{"line":26,"column":2},"end":{"line":34,"column":3}},{"start":{"line":26,"column":2},"end":{"line":34,"column":3}}],"line":26},"1":{"loc":{"start":{"line":28,"column":9},"end":{"line":34,"column":3}},"type":"if","locations":[{"start":{"line":28,"column":9},"end":{"line":34,"column":3}},{"start":{"line":28,"column":9},"end":{"line":34,"column":3}}],"line":28},"2":{"loc":{"start":{"line":30,"column":9},"end":{"line":34,"column":3}},"type":"if","locations":[{"start":{"line":30,"column":9},"end":{"line":34,"column":3}},{"start":{"line":30,"column":9},"end":{"line":34,"column":3}}],"line":30},"3":{"loc":{"start":{"line":36,"column":2},"end":{"line":38,"column":3}},"type":"if","locations":[{"start":{"line":36,"column":2},"end":{"line":38,"column":3}},{"start":{"line":36,"column":2},"end":{"line":38,"column":3}}],"line":36}},"s":{"0":0,"1":0,"2":0,"3":0,"4":0,"5":0,"6":0,"7":0,"8":0,"9":0,"10":0,"11":0,"12":0},"f":{"0":0},"b":{"0":[0,0],"1":[0,0],"2":[0,0],"3":[0,0]}}
,"/Users/shynggysumbetov/Documents/Projets/Omedom/omedom/components/Icon/index.ts": {"path":"/Users/shynggysumbetov/Documents/Projets/Omedom/omedom/components/Icon/index.ts","statementMap":{},"fnMap":{},"branchMap":{},"s":{},"f":{},"b":{}}
,"/Users/shynggysumbetov/Documents/Projets/Omedom/omedom/components/Icon/typegenerator.js": {"path":"/Users/shynggysumbetov/Documents/Projets/Omedom/omedom/components/Icon/typegenerator.js","statementMap":{},"fnMap":{},"branchMap":{},"s":{},"f":{},"b":{}}
,"/Users/shynggysumbetov/Documents/Projets/Omedom/omedom/components/LogoPicture/LogoPicture.tsx": {"path":"/Users/shynggysumbetov/Documents/Projets/Omedom/omedom/components/LogoPicture/LogoPicture.tsx","statementMap":{"0":{"start":{"line":4,"column":20},"end":{"line":11,"column":1}},"1":{"start":{"line":5,"column":2},"end":{"line":10,"column":9}},"2":{"start":{"line":13,"column":15},"end":{"line":19,"column":2}}},"fnMap":{"0":{"name":"(anonymous_0)","decl":{"start":{"line":4,"column":20},"end":{"line":4,"column":21}},"loc":{"start":{"line":5,"column":2},"end":{"line":10,"column":9}},"line":5}},"branchMap":{},"s":{"0":0,"1":0,"2":0},"f":{"0":0},"b":{}}
,"/Users/shynggysumbetov/Documents/Projets/Omedom/omedom/components/MesBiens/GraphicsII.tsx": {"path":"/Users/shynggysumbetov/Documents/Projets/Omedom/omedom/components/MesBiens/GraphicsII.tsx","statementMap":{"0":{"start":{"line":6,"column":19},"end":{"line":51,"column":1}},"1":{"start":{"line":7,"column":2},"end":{"line":49,"column":11}},"2":{"start":{"line":53,"column":15},"end":{"line":63,"column":2}}},"fnMap":{"0":{"name":"(anonymous_0)","decl":{"start":{"line":6,"column":19},"end":{"line":6,"column":20}},"loc":{"start":{"line":7,"column":2},"end":{"line":49,"column":11}},"line":7}},"branchMap":{},"s":{"0":0,"1":0,"2":0},"f":{"0":0},"b":{}}
,"/Users/shynggysumbetov/Documents/Projets/Omedom/omedom/components/MesBiens/MesBiens.tsx": {"path":"/Users/shynggysumbetov/Documents/Projets/Omedom/omedom/components/MesBiens/MesBiens.tsx","statementMap":{"0":{"start":{"line":7,"column":17},"end":{"line":51,"column":1}},"1":{"start":{"line":8,"column":2},"end":{"line":50,"column":11}}},"fnMap":{"0":{"name":"(anonymous_0)","decl":{"start":{"line":7,"column":17},"end":{"line":7,"column":18}},"loc":{"start":{"line":8,"column":2},"end":{"line":50,"column":11}},"line":8}},"branchMap":{},"s":{"0":0,"1":0},"f":{"0":0},"b":{}}
,"/Users/shynggysumbetov/Documents/Projets/Omedom/omedom/components/MonAssistant/MonAssistant.tsx": {"path":"/Users/shynggysumbetov/Documents/Projets/Omedom/omedom/components/MonAssistant/MonAssistant.tsx","statementMap":{"0":{"start":{"line":5,"column":21},"end":{"line":17,"column":1}},"1":{"start":{"line":6,"column":2},"end":{"line":15,"column":11}},"2":{"start":{"line":19,"column":15},"end":{"line":51,"column":2}}},"fnMap":{"0":{"name":"(anonymous_0)","decl":{"start":{"line":5,"column":21},"end":{"line":5,"column":22}},"loc":{"start":{"line":6,"column":2},"end":{"line":15,"column":11}},"line":6}},"branchMap":{},"s":{"0":0,"1":0,"2":0},"f":{"0":0},"b":{}}
,"/Users/shynggysumbetov/Documents/Projets/Omedom/omedom/components/MonCompte/Informations.tsx": {"path":"/Users/shynggysumbetov/Documents/Projets/Omedom/omedom/components/MonCompte/Informations.tsx","statementMap":{"0":{"start":{"line":5,"column":21},"end":{"line":38,"column":1}},"1":{"start":{"line":6,"column":18},"end":{"line":8,"column":3}},"2":{"start":{"line":7,"column":4},"end":{"line":7,"column":35}},"3":{"start":{"line":10,"column":2},"end":{"line":37,"column":4}},"4":{"start":{"line":40,"column":15},"end":{"line":57,"column":2}}},"fnMap":{"0":{"name":"(anonymous_0)","decl":{"start":{"line":5,"column":21},"end":{"line":5,"column":22}},"loc":{"start":{"line":5,"column":27},"end":{"line":38,"column":1}},"line":5},"1":{"name":"(anonymous_1)","decl":{"start":{"line":6,"column":18},"end":{"line":6,"column":19}},"loc":{"start":{"line":6,"column":24},"end":{"line":8,"column":3}},"line":6}},"branchMap":{},"s":{"0":2,"1":0,"2":0,"3":0,"4":2},"f":{"0":0,"1":0},"b":{},"_coverageSchema":"1a1c01bbd47fc00a2c39e90264f33305004495a9","hash":"79d1d2d63aac3a0c0ff2fd12ab2bba18a43b7707"}
,"/Users/shynggysumbetov/Documents/Projets/Omedom/omedom/components/MonCompte/MonCompte.tsx": {"path":"/Users/shynggysumbetov/Documents/Projets/Omedom/omedom/components/MonCompte/MonCompte.tsx","statementMap":{"0":{"start":{"line":6,"column":18},"end":{"line":34,"column":1}},"1":{"start":{"line":7,"column":2},"end":{"line":33,"column":11}}},"fnMap":{"0":{"name":"(anonymous_0)","decl":{"start":{"line":6,"column":18},"end":{"line":6,"column":19}},"loc":{"start":{"line":7,"column":2},"end":{"line":33,"column":11}},"line":7}},"branchMap":{},"s":{"0":2,"1":0},"f":{"0":0},"b":{},"_coverageSchema":"1a1c01bbd47fc00a2c39e90264f33305004495a9","hash":"70f1ddda5d45f482f1e16b3e20a8e29782c37163"}
,"/Users/shynggysumbetov/Documents/Projets/Omedom/omedom/components/Notifications/Notifications.tsx": {"path":"/Users/shynggysumbetov/Documents/Projets/Omedom/omedom/components/Notifications/Notifications.tsx","statementMap":{"0":{"start":{"line":5,"column":22},"end":{"line":119,"column":3}},"1":{"start":{"line":14,"column":4},"end":{"line":117,"column":13}},"2":{"start":{"line":120,"column":15},"end":{"line":130,"column":2}}},"fnMap":{"0":{"name":"(anonymous_0)","decl":{"start":{"line":5,"column":22},"end":{"line":5,"column":23}},"loc":{"start":{"line":14,"column":4},"end":{"line":117,"column":13}},"line":14}},"branchMap":{},"s":{"0":0,"1":0,"2":0},"f":{"0":0},"b":{}}
,"/Users/shynggysumbetov/Documents/Projets/Omedom/omedom/components/ProfilePicture/ProfilePicture.tsx": {"path":"/Users/shynggysumbetov/Documents/Projets/Omedom/omedom/components/ProfilePicture/ProfilePicture.tsx","statementMap":{"0":{"start":{"line":10,"column":23},"end":{"line":22,"column":1}},"1":{"start":{"line":11,"column":4},"end":{"line":20,"column":5}}},"fnMap":{"0":{"name":"(anonymous_0)","decl":{"start":{"line":10,"column":23},"end":{"line":10,"column":24}},"loc":{"start":{"line":10,"column":68},"end":{"line":22,"column":1}},"line":10}},"branchMap":{"0":{"loc":{"start":{"line":10,"column":32},"end":{"line":10,"column":41}},"type":"default-arg","locations":[{"start":{"line":10,"column":39},"end":{"line":10,"column":41}}],"line":10}},"s":{"0":0,"1":0},"f":{"0":0},"b":{"0":[0]}}
,"/Users/shynggysumbetov/Documents/Projets/Omedom/omedom/components/TableauDeBord/Graphics.tsx": {"path":"/Users/shynggysumbetov/Documents/Projets/Omedom/omedom/components/TableauDeBord/Graphics.tsx","statementMap":{"0":{"start":{"line":7,"column":13},"end":{"line":12,"column":1}},"1":{"start":{"line":14,"column":17},"end":{"line":57,"column":1}},"2":{"start":{"line":15,"column":2},"end":{"line":55,"column":11}},"3":{"start":{"line":58,"column":15},"end":{"line":68,"column":2}}},"fnMap":{"0":{"name":"(anonymous_0)","decl":{"start":{"line":14,"column":17},"end":{"line":14,"column":18}},"loc":{"start":{"line":15,"column":2},"end":{"line":55,"column":11}},"line":15}},"branchMap":{},"s":{"0":0,"1":0,"2":0,"3":0},"f":{"0":0},"b":{}}
,"/Users/shynggysumbetov/Documents/Projets/Omedom/omedom/components/TableauDeBord/TableauDeBord.tsx": {"path":"/Users/shynggysumbetov/Documents/Projets/Omedom/omedom/components/TableauDeBord/TableauDeBord.tsx","statementMap":{"0":{"start":{"line":8,"column":22},"end":{"line":56,"column":1}},"1":{"start":{"line":9,"column":2},"end":{"line":54,"column":15}}},"fnMap":{"0":{"name":"(anonymous_0)","decl":{"start":{"line":8,"column":22},"end":{"line":8,"column":23}},"loc":{"start":{"line":9,"column":2},"end":{"line":54,"column":15}},"line":9}},"branchMap":{},"s":{"0":0,"1":0},"f":{"0":0},"b":{}}
,"/Users/shynggysumbetov/Documents/Projets/Omedom/omedom/components/Tresorerie/Tresorerie.tsx": {"path":"/Users/shynggysumbetov/Documents/Projets/Omedom/omedom/components/Tresorerie/Tresorerie.tsx","statementMap":{"0":{"start":{"line":6,"column":21},"end":{"line":47,"column":1}},"1":{"start":{"line":7,"column":2},"end":{"line":46,"column":11}}},"fnMap":{"0":{"name":"(anonymous_0)","decl":{"start":{"line":6,"column":21},"end":{"line":6,"column":22}},"loc":{"start":{"line":7,"column":2},"end":{"line":46,"column":11}},"line":7}},"branchMap":{},"s":{"0":0,"1":0},"f":{"0":0},"b":{}}
,"/Users/shynggysumbetov/Documents/Projets/Omedom/omedom/constants/Colors.ts": {"path":"/Users/shynggysumbetov/Documents/Projets/Omedom/omedom/constants/Colors.ts","statementMap":{"0":{"start":{"line":1,"column":23},"end":{"line":1,"column":32}},"1":{"start":{"line":2,"column":22},"end":{"line":2,"column":28}}},"fnMap":{},"branchMap":{},"s":{"0":1,"1":1},"f":{},"b":{},"_coverageSchema":"1a1c01bbd47fc00a2c39e90264f33305004495a9","hash":"8ed091e8a1c3c11055f434fc815e15f8dd61b187"}
,"/Users/shynggysumbetov/Documents/Projets/Omedom/omedom/constants/Layout.ts": {"path":"/Users/shynggysumbetov/Documents/Projets/Omedom/omedom/constants/Layout.ts","statementMap":{"0":{"start":{"line":3,"column":14},"end":{"line":3,"column":44}},"1":{"start":{"line":4,"column":15},"end":{"line":4,"column":46}}},"fnMap":{},"branchMap":{},"s":{"0":0,"1":0},"f":{},"b":{}}
,"/Users/shynggysumbetov/Documents/Projets/Omedom/omedom/hooks/useAssetLoader.ts": {"path":"/Users/shynggysumbetov/Documents/Projets/Omedom/omedom/hooks/useAssetLoader.ts","statementMap":{"0":{"start":{"line":33,"column":32},"end":{"line":33,"column":47}},"1":{"start":{"line":35,"column":2},"end":{"line":38,"column":9}},"2":{"start":{"line":36,"column":4},"end":{"line":36,"column":30}},"3":{"start":{"line":37,"column":4},"end":{"line":37,"column":40}},"4":{"start":{"line":40,"column":31},"end":{"line":48,"column":3}},"5":{"start":{"line":41,"column":4},"end":{"line":43,"column":5}},"6":{"start":{"line":42,"column":6},"end":{"line":42,"column":39}},"7":{"start":{"line":45,"column":4},"end":{"line":47,"column":5}},"8":{"start":{"line":46,"column":6},"end":{"line":46,"column":37}},"9":{"start":{"line":50,"column":31},"end":{"line":52,"column":3}},"10":{"start":{"line":51,"column":4},"end":{"line":51,"column":21}},"11":{"start":{"line":54,"column":31},"end":{"line":56,"column":3}},"12":{"start":{"line":55,"column":4},"end":{"line":55,"column":65}},"13":{"start":{"line":58,"column":2},"end":{"line":67,"column":4}},"14":{"start":{"line":61,"column":6},"end":{"line":65,"column":8}},"15":{"start":{"line":71,"column":2},"end":{"line":77,"column":4}},"16":{"start":{"line":73,"column":57},"end":{"line":75,"column":49}},"17":{"start":{"line":81,"column":2},"end":{"line":81,"column":31}}},"fnMap":{"0":{"name":"useAssetLoader","decl":{"start":{"line":32,"column":24},"end":{"line":32,"column":38}},"loc":{"start":{"line":32,"column":89},"end":{"line":68,"column":1}},"line":32},"1":{"name":"(anonymous_1)","decl":{"start":{"line":35,"column":12},"end":{"line":35,"column":13}},"loc":{"start":{"line":35,"column":24},"end":{"line":38,"column":3}},"line":35},"2":{"name":"(anonymous_2)","decl":{"start":{"line":40,"column":31},"end":{"line":40,"column":32}},"loc":{"start":{"line":40,"column":58},"end":{"line":48,"column":3}},"line":40},"3":{"name":"(anonymous_3)","decl":{"start":{"line":50,"column":31},"end":{"line":50,"column":32}},"loc":{"start":{"line":50,"column":43},"end":{"line":52,"column":3}},"line":50},"4":{"name":"(anonymous_4)","decl":{"start":{"line":54,"column":31},"end":{"line":54,"column":32}},"loc":{"start":{"line":54,"column":55},"end":{"line":56,"column":3}},"line":54},"5":{"name":"(anonymous_5)","decl":{"start":{"line":60,"column":4},"end":{"line":60,"column":5}},"loc":{"start":{"line":60,"column":42},"end":{"line":66,"column":5}},"line":60},"6":{"name":"cacheImages","decl":{"start":{"line":70,"column":9},"end":{"line":70,"column":20}},"loc":{"start":{"line":70,"column":74},"end":{"line":78,"column":1}},"line":70},"7":{"name":"(anonymous_7)","decl":{"start":{"line":73,"column":6},"end":{"line":73,"column":7}},"loc":{"start":{"line":73,"column":57},"end":{"line":75,"column":49}},"line":73},"8":{"name":"cacheFonts","decl":{"start":{"line":80,"column":9},"end":{"line":80,"column":19}},"loc":{"start":{"line":80,"column":57},"end":{"line":82,"column":1}},"line":80}},"branchMap":{"0":{"loc":{"start":{"line":32,"column":39},"end":{"line":32,"column":69}},"type":"default-arg","locations":[{"start":{"line":32,"column":67},"end":{"line":32,"column":69}}],"line":32},"1":{"loc":{"start":{"line":41,"column":4},"end":{"line":43,"column":5}},"type":"if","locations":[{"start":{"line":41,"column":4},"end":{"line":43,"column":5}},{"start":{"line":41,"column":4},"end":{"line":43,"column":5}}],"line":41},"2":{"loc":{"start":{"line":45,"column":4},"end":{"line":47,"column":5}},"type":"if","locations":[{"start":{"line":45,"column":4},"end":{"line":47,"column":5}},{"start":{"line":45,"column":4},"end":{"line":47,"column":5}}],"line":45},"3":{"loc":{"start":{"line":73,"column":57},"end":{"line":75,"column":49}},"type":"cond-expr","locations":[{"start":{"line":74,"column":10},"end":{"line":74,"column":31}},{"start":{"line":75,"column":10},"end":{"line":75,"column":49}}],"line":73}},"s":{"0":0,"1":0,"2":0,"3":0,"4":0,"5":0,"6":0,"7":0,"8":0,"9":0,"10":0,"11":0,"12":0,"13":0,"14":0,"15":0,"16":0,"17":0},"f":{"0":0,"1":0,"2":0,"3":0,"4":0,"5":0,"6":0,"7":0,"8":0},"b":{"0":[0],"1":[0,0],"2":[0,0],"3":[0,0]}}
,"/Users/shynggysumbetov/Documents/Projets/Omedom/omedom/hooks/useCachedResources.ts": {"path":"/Users/shynggysumbetov/Documents/Projets/Omedom/omedom/hooks/useCachedResources.ts","statementMap":{"0":{"start":{"line":7,"column":50},"end":{"line":7,"column":71}},"1":{"start":{"line":10,"column":2},"end":{"line":30,"column":9}},"2":{"start":{"line":12,"column":6},"end":{"line":26,"column":7}},"3":{"start":{"line":13,"column":8},"end":{"line":13,"column":44}},"4":{"start":{"line":16,"column":8},"end":{"line":19,"column":11}},"5":{"start":{"line":22,"column":8},"end":{"line":22,"column":24}},"6":{"start":{"line":24,"column":8},"end":{"line":24,"column":33}},"7":{"start":{"line":25,"column":8},"end":{"line":25,"column":33}},"8":{"start":{"line":29,"column":4},"end":{"line":29,"column":32}},"9":{"start":{"line":32,"column":2},"end":{"line":32,"column":27}}},"fnMap":{"0":{"name":"useCachedResources","decl":{"start":{"line":6,"column":24},"end":{"line":6,"column":42}},"loc":{"start":{"line":6,"column":45},"end":{"line":33,"column":1}},"line":6},"1":{"name":"(anonymous_1)","decl":{"start":{"line":10,"column":18},"end":{"line":10,"column":19}},"loc":{"start":{"line":10,"column":24},"end":{"line":30,"column":3}},"line":10},"2":{"name":"loadResourcesAndDataAsync","decl":{"start":{"line":11,"column":19},"end":{"line":11,"column":44}},"loc":{"start":{"line":11,"column":47},"end":{"line":27,"column":5}},"line":11}},"branchMap":{},"s":{"0":0,"1":0,"2":0,"3":0,"4":0,"5":0,"6":0,"7":0,"8":0,"9":0},"f":{"0":0,"1":0,"2":0},"b":{}}
,"/Users/shynggysumbetov/Documents/Projets/Omedom/omedom/hooks/useColorScheme.ts": {"path":"/Users/shynggysumbetov/Documents/Projets/Omedom/omedom/hooks/useColorScheme.ts","statementMap":{"0":{"start":{"line":7,"column":2},"end":{"line":7,"column":59}}},"fnMap":{"0":{"name":"useColorScheme","decl":{"start":{"line":6,"column":24},"end":{"line":6,"column":38}},"loc":{"start":{"line":6,"column":71},"end":{"line":8,"column":1}},"line":6}},"branchMap":{},"s":{"0":1},"f":{"0":1},"b":{},"_coverageSchema":"1a1c01bbd47fc00a2c39e90264f33305004495a9","hash":"ed26d2ee693b391ecfa6cda9308c2d646b5b5f2d"}
,"/Users/shynggysumbetov/Documents/Projets/Omedom/omedom/hooks/useColorScheme.web.ts": {"path":"/Users/shynggysumbetov/Documents/Projets/Omedom/omedom/hooks/useColorScheme.web.ts","statementMap":{"0":{"start":{"line":4,"column":2},"end":{"line":4,"column":17}}},"fnMap":{"0":{"name":"useColorScheme","decl":{"start":{"line":3,"column":24},"end":{"line":3,"column":38}},"loc":{"start":{"line":3,"column":41},"end":{"line":5,"column":1}},"line":3}},"branchMap":{},"s":{"0":0},"f":{"0":0},"b":{}}
,"/Users/shynggysumbetov/Documents/Projets/Omedom/omedom/mockData/comptes.ts": {"path":"/Users/shynggysumbetov/Documents/Projets/Omedom/omedom/mockData/comptes.ts","statementMap":{"0":{"start":{"line":1,"column":16},"end":{"line":34,"column":1}}},"fnMap":{},"branchMap":{},"s":{"0":0},"f":{},"b":{}}
,"/Users/shynggysumbetov/Documents/Projets/Omedom/omedom/mockData/comptesData.ts": {"path":"/Users/shynggysumbetov/Documents/Projets/Omedom/omedom/mockData/comptesData.ts","statementMap":{"0":{"start":{"line":1,"column":20},"end":{"line":44,"column":1}}},"fnMap":{},"branchMap":{},"s":{"0":1},"f":{},"b":{},"_coverageSchema":"1a1c01bbd47fc00a2c39e90264f33305004495a9","hash":"0dce5a47d1f6bf176db3bd926afa3596db9828d9"}
,"/Users/shynggysumbetov/Documents/Projets/Omedom/omedom/mockData/faqQandA.ts": {"path":"/Users/shynggysumbetov/Documents/Projets/Omedom/omedom/mockData/faqQandA.ts","statementMap":{"0":{"start":{"line":1,"column":17},"end":{"line":18,"column":1}}},"fnMap":{},"branchMap":{},"s":{"0":2},"f":{},"b":{},"_coverageSchema":"1a1c01bbd47fc00a2c39e90264f33305004495a9","hash":"4c148b080db4c328c627445bba35cf299cac6c9f"}
,"/Users/shynggysumbetov/Documents/Projets/Omedom/omedom/navigation/BottomTabNavigator.tsx": {"path":"/Users/shynggysumbetov/Documents/Projets/Omedom/omedom/navigation/BottomTabNavigator.tsx","statementMap":{"0":{"start":{"line":18,"column":17},"end":{"line":20,"column":1}},"1":{"start":{"line":19,"column":2},"end":{"line":19,"column":40}},"2":{"start":{"line":22,"column":23},"end":{"line":24,"column":1}},"3":{"start":{"line":23,"column":2},"end":{"line":23,"column":47}},"4":{"start":{"line":26,"column":17},"end":{"line":28,"column":1}},"5":{"start":{"line":27,"column":2},"end":{"line":27,"column":40}},"6":{"start":{"line":30,"column":17},"end":{"line":32,"column":1}},"7":{"start":{"line":31,"column":2},"end":{"line":31,"column":45}},"8":{"start":{"line":34,"column":17},"end":{"line":36,"column":1}},"9":{"start":{"line":35,"column":2},"end":{"line":35,"column":40}},"10":{"start":{"line":40,"column":21},"end":{"line":54,"column":1}},"11":{"start":{"line":42,"column":2},"end":{"line":53,"column":21}},"12":{"start":{"line":45,"column":25},"end":{"line":45,"column":69}},"13":{"start":{"line":56,"column":18},"end":{"line":56,"column":64}},"14":{"start":{"line":59,"column":2},"end":{"line":89,"column":4}},"15":{"start":{"line":63,"column":19},"end":{"line":63,"column":70}}},"fnMap":{"0":{"name":"(anonymous_0)","decl":{"start":{"line":18,"column":17},"end":{"line":18,"column":18}},"loc":{"start":{"line":19,"column":2},"end":{"line":19,"column":40}},"line":19},"1":{"name":"(anonymous_1)","decl":{"start":{"line":22,"column":23},"end":{"line":22,"column":24}},"loc":{"start":{"line":23,"column":2},"end":{"line":23,"column":47}},"line":23},"2":{"name":"(anonymous_2)","decl":{"start":{"line":26,"column":17},"end":{"line":26,"column":18}},"loc":{"start":{"line":27,"column":2},"end":{"line":27,"column":40}},"line":27},"3":{"name":"(anonymous_3)","decl":{"start":{"line":30,"column":17},"end":{"line":30,"column":18}},"loc":{"start":{"line":31,"column":2},"end":{"line":31,"column":45}},"line":31},"4":{"name":"(anonymous_4)","decl":{"start":{"line":34,"column":17},"end":{"line":34,"column":18}},"loc":{"start":{"line":35,"column":2},"end":{"line":35,"column":40}},"line":35},"5":{"name":"(anonymous_5)","decl":{"start":{"line":40,"column":21},"end":{"line":40,"column":22}},"loc":{"start":{"line":42,"column":2},"end":{"line":53,"column":21}},"line":42},"6":{"name":"(anonymous_6)","decl":{"start":{"line":45,"column":14},"end":{"line":45,"column":15}},"loc":{"start":{"line":45,"column":25},"end":{"line":45,"column":69}},"line":45},"7":{"name":"BottomTabNavigator","decl":{"start":{"line":58,"column":24},"end":{"line":58,"column":42}},"loc":{"start":{"line":58,"column":45},"end":{"line":90,"column":1}},"line":58},"8":{"name":"(anonymous_8)","decl":{"start":{"line":63,"column":8},"end":{"line":63,"column":9}},"loc":{"start":{"line":63,"column":19},"end":{"line":63,"column":70}},"line":63}},"branchMap":{},"s":{"0":0,"1":0,"2":0,"3":0,"4":0,"5":0,"6":0,"7":0,"8":0,"9":0,"10":0,"11":0,"12":0,"13":0,"14":0,"15":0},"f":{"0":0,"1":0,"2":0,"3":0,"4":0,"5":0,"6":0,"7":0,"8":0},"b":{}}
,"/Users/shynggysumbetov/Documents/Projets/Omedom/omedom/navigation/CustomDrawer.tsx": {"path":"/Users/shynggysumbetov/Documents/Projets/Omedom/omedom/navigation/CustomDrawer.tsx","statementMap":{"0":{"start":{"line":4,"column":22},"end":{"line":46,"column":1}},"1":{"start":{"line":5,"column":2},"end":{"line":45,"column":11}},"2":{"start":{"line":9,"column":6},"end":{"line":34,"column":7}},"3":{"start":{"line":11,"column":10},"end":{"line":11,"column":49}},"4":{"start":{"line":12,"column":10},"end":{"line":12,"column":16}},"5":{"start":{"line":14,"column":10},"end":{"line":14,"column":44}},"6":{"start":{"line":15,"column":10},"end":{"line":15,"column":16}},"7":{"start":{"line":17,"column":10},"end":{"line":17,"column":43}},"8":{"start":{"line":18,"column":10},"end":{"line":18,"column":16}},"9":{"start":{"line":20,"column":10},"end":{"line":20,"column":47}},"10":{"start":{"line":21,"column":10},"end":{"line":21,"column":16}},"11":{"start":{"line":23,"column":10},"end":{"line":23,"column":37}},"12":{"start":{"line":24,"column":10},"end":{"line":24,"column":16}},"13":{"start":{"line":26,"column":10},"end":{"line":26,"column":47}},"14":{"start":{"line":27,"column":10},"end":{"line":27,"column":16}},"15":{"start":{"line":29,"column":10},"end":{"line":29,"column":46}},"16":{"start":{"line":30,"column":10},"end":{"line":30,"column":16}},"17":{"start":{"line":32,"column":10},"end":{"line":32,"column":41}},"18":{"start":{"line":33,"column":10},"end":{"line":33,"column":16}}},"fnMap":{"0":{"name":"(anonymous_0)","decl":{"start":{"line":4,"column":22},"end":{"line":4,"column":23}},"loc":{"start":{"line":5,"column":2},"end":{"line":45,"column":11}},"line":5},"1":{"name":"(anonymous_1)","decl":{"start":{"line":7,"column":14},"end":{"line":7,"column":15}},"loc":{"start":{"line":7,"column":25},"end":{"line":35,"column":5}},"line":7}},"branchMap":{"0":{"loc":{"start":{"line":9,"column":6},"end":{"line":34,"column":7}},"type":"switch","locations":[{"start":{"line":10,"column":8},"end":{"line":12,"column":16}},{"start":{"line":13,"column":8},"end":{"line":15,"column":16}},{"start":{"line":16,"column":8},"end":{"line":18,"column":16}},{"start":{"line":19,"column":8},"end":{"line":21,"column":16}},{"start":{"line":22,"column":8},"end":{"line":24,"column":16}},{"start":{"line":25,"column":8},"end":{"line":27,"column":16}},{"start":{"line":28,"column":8},"end":{"line":30,"column":16}},{"start":{"line":31,"column":8},"end":{"line":33,"column":16}}],"line":9}},"s":{"0":0,"1":0,"2":0,"3":0,"4":0,"5":0,"6":0,"7":0,"8":0,"9":0,"10":0,"11":0,"12":0,"13":0,"14":0,"15":0,"16":0,"17":0,"18":0},"f":{"0":0,"1":0},"b":{"0":[0,0,0,0,0,0,0,0]}}
,"/Users/shynggysumbetov/Documents/Projets/Omedom/omedom/navigation/DrawerNavigator.tsx": {"path":"/Users/shynggysumbetov/Documents/Projets/Omedom/omedom/navigation/DrawerNavigator.tsx","statementMap":{"0":{"start":{"line":21,"column":18},"end":{"line":21,"column":41}},"1":{"start":{"line":23,"column":24},"end":{"line":160,"column":1}},"2":{"start":{"line":24,"column":2},"end":{"line":159,"column":5}},"3":{"start":{"line":26,"column":32},"end":{"line":26,"column":59}},"4":{"start":{"line":35,"column":12},"end":{"line":35,"column":70}},"5":{"start":{"line":38,"column":12},"end":{"line":38,"column":71}},"6":{"start":{"line":41,"column":12},"end":{"line":41,"column":63}},"7":{"start":{"line":52,"column":12},"end":{"line":52,"column":70}},"8":{"start":{"line":55,"column":12},"end":{"line":55,"column":71}},"9":{"start":{"line":58,"column":12},"end":{"line":58,"column":75}},"10":{"start":{"line":68,"column":12},"end":{"line":68,"column":70}},"11":{"start":{"line":71,"column":12},"end":{"line":71,"column":71}},"12":{"start":{"line":74,"column":12},"end":{"line":74,"column":73}},"13":{"start":{"line":84,"column":12},"end":{"line":84,"column":70}},"14":{"start":{"line":87,"column":12},"end":{"line":87,"column":71}},"15":{"start":{"line":90,"column":12},"end":{"line":90,"column":66}},"16":{"start":{"line":100,"column":12},"end":{"line":100,"column":70}},"17":{"start":{"line":103,"column":12},"end":{"line":103,"column":71}},"18":{"start":{"line":106,"column":12},"end":{"line":106,"column":69}},"19":{"start":{"line":116,"column":12},"end":{"line":116,"column":70}},"20":{"start":{"line":119,"column":12},"end":{"line":119,"column":71}},"21":{"start":{"line":122,"column":12},"end":{"line":122,"column":74}},"22":{"start":{"line":132,"column":12},"end":{"line":132,"column":70}},"23":{"start":{"line":135,"column":12},"end":{"line":135,"column":71}},"24":{"start":{"line":138,"column":12},"end":{"line":138,"column":74}},"25":{"start":{"line":148,"column":12},"end":{"line":148,"column":70}},"26":{"start":{"line":151,"column":12},"end":{"line":151,"column":71}},"27":{"start":{"line":154,"column":12},"end":{"line":154,"column":74}}},"fnMap":{"0":{"name":"(anonymous_0)","decl":{"start":{"line":23,"column":24},"end":{"line":23,"column":25}},"loc":{"start":{"line":24,"column":2},"end":{"line":159,"column":5}},"line":24},"1":{"name":"(anonymous_1)","decl":{"start":{"line":26,"column":21},"end":{"line":26,"column":22}},"loc":{"start":{"line":26,"column":32},"end":{"line":26,"column":59}},"line":26},"2":{"name":"(anonymous_2)","decl":{"start":{"line":34,"column":22},"end":{"line":34,"column":23}},"loc":{"start":{"line":35,"column":12},"end":{"line":35,"column":70}},"line":35},"3":{"name":"(anonymous_3)","decl":{"start":{"line":37,"column":23},"end":{"line":37,"column":24}},"loc":{"start":{"line":38,"column":12},"end":{"line":38,"column":71}},"line":38},"4":{"name":"getIcon","decl":{"start":{"line":40,"column":31},"end":{"line":40,"column":38}},"loc":{"start":{"line":40,"column":69},"end":{"line":42,"column":11}},"line":40},"5":{"name":"(anonymous_5)","decl":{"start":{"line":51,"column":22},"end":{"line":51,"column":23}},"loc":{"start":{"line":52,"column":12},"end":{"line":52,"column":70}},"line":52},"6":{"name":"(anonymous_6)","decl":{"start":{"line":54,"column":23},"end":{"line":54,"column":24}},"loc":{"start":{"line":55,"column":12},"end":{"line":55,"column":71}},"line":55},"7":{"name":"getIcon","decl":{"start":{"line":57,"column":31},"end":{"line":57,"column":38}},"loc":{"start":{"line":57,"column":69},"end":{"line":59,"column":11}},"line":57},"8":{"name":"(anonymous_8)","decl":{"start":{"line":67,"column":22},"end":{"line":67,"column":23}},"loc":{"start":{"line":68,"column":12},"end":{"line":68,"column":70}},"line":68},"9":{"name":"(anonymous_9)","decl":{"start":{"line":70,"column":23},"end":{"line":70,"column":24}},"loc":{"start":{"line":71,"column":12},"end":{"line":71,"column":71}},"line":71},"10":{"name":"getIcon","decl":{"start":{"line":73,"column":31},"end":{"line":73,"column":38}},"loc":{"start":{"line":73,"column":69},"end":{"line":75,"column":11}},"line":73},"11":{"name":"(anonymous_11)","decl":{"start":{"line":83,"column":22},"end":{"line":83,"column":23}},"loc":{"start":{"line":84,"column":12},"end":{"line":84,"column":70}},"line":84},"12":{"name":"(anonymous_12)","decl":{"start":{"line":86,"column":23},"end":{"line":86,"column":24}},"loc":{"start":{"line":87,"column":12},"end":{"line":87,"column":71}},"line":87},"13":{"name":"getIcon","decl":{"start":{"line":89,"column":31},"end":{"line":89,"column":38}},"loc":{"start":{"line":89,"column":69},"end":{"line":91,"column":11}},"line":89},"14":{"name":"(anonymous_14)","decl":{"start":{"line":99,"column":22},"end":{"line":99,"column":23}},"loc":{"start":{"line":100,"column":12},"end":{"line":100,"column":70}},"line":100},"15":{"name":"(anonymous_15)","decl":{"start":{"line":102,"column":23},"end":{"line":102,"column":24}},"loc":{"start":{"line":103,"column":12},"end":{"line":103,"column":71}},"line":103},"16":{"name":"getIcon","decl":{"start":{"line":105,"column":31},"end":{"line":105,"column":38}},"loc":{"start":{"line":105,"column":69},"end":{"line":107,"column":11}},"line":105},"17":{"name":"(anonymous_17)","decl":{"start":{"line":115,"column":22},"end":{"line":115,"column":23}},"loc":{"start":{"line":116,"column":12},"end":{"line":116,"column":70}},"line":116},"18":{"name":"(anonymous_18)","decl":{"start":{"line":118,"column":23},"end":{"line":118,"column":24}},"loc":{"start":{"line":119,"column":12},"end":{"line":119,"column":71}},"line":119},"19":{"name":"getIcon","decl":{"start":{"line":121,"column":31},"end":{"line":121,"column":38}},"loc":{"start":{"line":121,"column":69},"end":{"line":123,"column":11}},"line":121},"20":{"name":"(anonymous_20)","decl":{"start":{"line":131,"column":22},"end":{"line":131,"column":23}},"loc":{"start":{"line":132,"column":12},"end":{"line":132,"column":70}},"line":132},"21":{"name":"(anonymous_21)","decl":{"start":{"line":134,"column":23},"end":{"line":134,"column":24}},"loc":{"start":{"line":135,"column":12},"end":{"line":135,"column":71}},"line":135},"22":{"name":"getIcon","decl":{"start":{"line":137,"column":31},"end":{"line":137,"column":38}},"loc":{"start":{"line":137,"column":69},"end":{"line":139,"column":11}},"line":137},"23":{"name":"(anonymous_23)","decl":{"start":{"line":147,"column":22},"end":{"line":147,"column":23}},"loc":{"start":{"line":148,"column":12},"end":{"line":148,"column":70}},"line":148},"24":{"name":"(anonymous_24)","decl":{"start":{"line":150,"column":23},"end":{"line":150,"column":24}},"loc":{"start":{"line":151,"column":12},"end":{"line":151,"column":71}},"line":151},"25":{"name":"getIcon","decl":{"start":{"line":153,"column":31},"end":{"line":153,"column":38}},"loc":{"start":{"line":153,"column":69},"end":{"line":155,"column":11}},"line":153}},"branchMap":{},"s":{"0":0,"1":0,"2":0,"3":0,"4":0,"5":0,"6":0,"7":0,"8":0,"9":0,"10":0,"11":0,"12":0,"13":0,"14":0,"15":0,"16":0,"17":0,"18":0,"19":0,"20":0,"21":0,"22":0,"23":0,"24":0,"25":0,"26":0,"27":0},"f":{"0":0,"1":0,"2":0,"3":0,"4":0,"5":0,"6":0,"7":0,"8":0,"9":0,"10":0,"11":0,"12":0,"13":0,"14":0,"15":0,"16":0,"17":0,"18":0,"19":0,"20":0,"21":0,"22":0,"23":0,"24":0,"25":0},"b":{}}
,"/Users/shynggysumbetov/Documents/Projets/Omedom/omedom/navigation/HeaderLeftOpenDrawerNavigation.tsx": {"path":"/Users/shynggysumbetov/Documents/Projets/Omedom/omedom/navigation/HeaderLeftOpenDrawerNavigation.tsx","statementMap":{"0":{"start":{"line":6,"column":39},"end":{"line":12,"column":1}},"1":{"start":{"line":8,"column":2},"end":{"line":10,"column":21}},"2":{"start":{"line":8,"column":37},"end":{"line":8,"column":87}}},"fnMap":{"0":{"name":"(anonymous_0)","decl":{"start":{"line":6,"column":39},"end":{"line":6,"column":40}},"loc":{"start":{"line":8,"column":2},"end":{"line":10,"column":21}},"line":8},"1":{"name":"(anonymous_1)","decl":{"start":{"line":8,"column":29},"end":{"line":8,"column":30}},"loc":{"start":{"line":8,"column":35},"end":{"line":8,"column":89}},"line":8}},"branchMap":{},"s":{"0":0,"1":0,"2":0},"f":{"0":0,"1":0},"b":{}}
,"/Users/shynggysumbetov/Documents/Projets/Omedom/omedom/navigation/HeaderRightOpenDrawerNavigation.tsx": {"path":"/Users/shynggysumbetov/Documents/Projets/Omedom/omedom/navigation/HeaderRightOpenDrawerNavigation.tsx","statementMap":{"0":{"start":{"line":6,"column":40},"end":{"line":15,"column":1}},"1":{"start":{"line":8,"column":2},"end":{"line":13,"column":21}},"2":{"start":{"line":9,"column":4},"end":{"line":9,"column":54}}},"fnMap":{"0":{"name":"(anonymous_0)","decl":{"start":{"line":6,"column":40},"end":{"line":6,"column":41}},"loc":{"start":{"line":8,"column":2},"end":{"line":13,"column":21}},"line":8},"1":{"name":"(anonymous_1)","decl":{"start":{"line":8,"column":29},"end":{"line":8,"column":30}},"loc":{"start":{"line":8,"column":35},"end":{"line":10,"column":3}},"line":8}},"branchMap":{},"s":{"0":0,"1":0,"2":0},"f":{"0":0,"1":0},"b":{}}
,"/Users/shynggysumbetov/Documents/Projets/Omedom/omedom/navigation/LinkingConfiguration.ts": {"path":"/Users/shynggysumbetov/Documents/Projets/Omedom/omedom/navigation/LinkingConfiguration.ts","statementMap":{},"fnMap":{},"branchMap":{},"s":{},"f":{},"b":{}}
,"/Users/shynggysumbetov/Documents/Projets/Omedom/omedom/navigation/StackNavigators.tsx": {"path":"/Users/shynggysumbetov/Documents/Projets/Omedom/omedom/navigation/StackNavigators.tsx","statementMap":{"0":{"start":{"line":20,"column":25},"end":{"line":20,"column":69}},"1":{"start":{"line":23,"column":2},"end":{"line":45,"column":4}},"2":{"start":{"line":37,"column":12},"end":{"line":37,"column":70}},"3":{"start":{"line":40,"column":12},"end":{"line":40,"column":71}},"4":{"start":{"line":48,"column":27},"end":{"line":48,"column":73}},"5":{"start":{"line":51,"column":2},"end":{"line":73,"column":4}},"6":{"start":{"line":62,"column":12},"end":{"line":62,"column":71}},"7":{"start":{"line":68,"column":12},"end":{"line":68,"column":70}},"8":{"start":{"line":76,"column":30},"end":{"line":76,"column":79}},"9":{"start":{"line":79,"column":2},"end":{"line":101,"column":4}},"10":{"start":{"line":90,"column":12},"end":{"line":90,"column":71}},"11":{"start":{"line":96,"column":12},"end":{"line":96,"column":70}},"12":{"start":{"line":104,"column":29},"end":{"line":104,"column":77}},"13":{"start":{"line":107,"column":2},"end":{"line":129,"column":4}},"14":{"start":{"line":118,"column":12},"end":{"line":118,"column":71}},"15":{"start":{"line":124,"column":12},"end":{"line":124,"column":70}},"16":{"start":{"line":132,"column":30},"end":{"line":132,"column":79}},"17":{"start":{"line":135,"column":2},"end":{"line":157,"column":4}},"18":{"start":{"line":146,"column":12},"end":{"line":146,"column":71}},"19":{"start":{"line":152,"column":12},"end":{"line":152,"column":70}}},"fnMap":{"0":{"name":"TabMesBiensNavigator","decl":{"start":{"line":22,"column":16},"end":{"line":22,"column":36}},"loc":{"start":{"line":22,"column":53},"end":{"line":46,"column":1}},"line":22},"1":{"name":"(anonymous_1)","decl":{"start":{"line":36,"column":22},"end":{"line":36,"column":23}},"loc":{"start":{"line":37,"column":12},"end":{"line":37,"column":70}},"line":37},"2":{"name":"(anonymous_2)","decl":{"start":{"line":39,"column":23},"end":{"line":39,"column":24}},"loc":{"start":{"line":40,"column":12},"end":{"line":40,"column":71}},"line":40},"3":{"name":"TabMesChargesNavigator","decl":{"start":{"line":50,"column":16},"end":{"line":50,"column":38}},"loc":{"start":{"line":50,"column":55},"end":{"line":74,"column":1}},"line":50},"4":{"name":"(anonymous_4)","decl":{"start":{"line":61,"column":23},"end":{"line":61,"column":24}},"loc":{"start":{"line":62,"column":12},"end":{"line":62,"column":71}},"line":62},"5":{"name":"(anonymous_5)","decl":{"start":{"line":67,"column":22},"end":{"line":67,"column":23}},"loc":{"start":{"line":68,"column":12},"end":{"line":68,"column":70}},"line":68},"6":{"name":"TabTableauDeBordNavigator","decl":{"start":{"line":78,"column":16},"end":{"line":78,"column":41}},"loc":{"start":{"line":78,"column":58},"end":{"line":102,"column":1}},"line":78},"7":{"name":"(anonymous_7)","decl":{"start":{"line":89,"column":23},"end":{"line":89,"column":24}},"loc":{"start":{"line":90,"column":12},"end":{"line":90,"column":71}},"line":90},"8":{"name":"(anonymous_8)","decl":{"start":{"line":95,"column":22},"end":{"line":95,"column":23}},"loc":{"start":{"line":96,"column":12},"end":{"line":96,"column":70}},"line":96},"9":{"name":"TabMonAssistantNavigator","decl":{"start":{"line":106,"column":16},"end":{"line":106,"column":40}},"loc":{"start":{"line":106,"column":57},"end":{"line":130,"column":1}},"line":106},"10":{"name":"(anonymous_10)","decl":{"start":{"line":117,"column":23},"end":{"line":117,"column":24}},"loc":{"start":{"line":118,"column":12},"end":{"line":118,"column":71}},"line":118},"11":{"name":"(anonymous_11)","decl":{"start":{"line":123,"column":22},"end":{"line":123,"column":23}},"loc":{"start":{"line":124,"column":12},"end":{"line":124,"column":70}},"line":124},"12":{"name":"TabNotificationsNavigator","decl":{"start":{"line":134,"column":16},"end":{"line":134,"column":41}},"loc":{"start":{"line":134,"column":58},"end":{"line":158,"column":1}},"line":134},"13":{"name":"(anonymous_13)","decl":{"start":{"line":145,"column":23},"end":{"line":145,"column":24}},"loc":{"start":{"line":146,"column":12},"end":{"line":146,"column":71}},"line":146},"14":{"name":"(anonymous_14)","decl":{"start":{"line":151,"column":22},"end":{"line":151,"column":23}},"loc":{"start":{"line":152,"column":12},"end":{"line":152,"column":70}},"line":152}},"branchMap":{},"s":{"0":0,"1":0,"2":0,"3":0,"4":0,"5":0,"6":0,"7":0,"8":0,"9":0,"10":0,"11":0,"12":0,"13":0,"14":0,"15":0,"16":0,"17":0,"18":0,"19":0},"f":{"0":0,"1":0,"2":0,"3":0,"4":0,"5":0,"6":0,"7":0,"8":0,"9":0,"10":0,"11":0,"12":0,"13":0,"14":0},"b":{}}
,"/Users/shynggysumbetov/Documents/Projets/Omedom/omedom/navigation/index.tsx": {"path":"/Users/shynggysumbetov/Documents/Projets/Omedom/omedom/navigation/index.tsx","statementMap":{"0":{"start":{"line":17,"column":2},"end":{"line":26,"column":4}},"1":{"start":{"line":31,"column":14},"end":{"line":31,"column":56}},"2":{"start":{"line":34,"column":2},"end":{"line":42,"column":4}}},"fnMap":{"0":{"name":"Navigation","decl":{"start":{"line":16,"column":24},"end":{"line":16,"column":34}},"loc":{"start":{"line":16,"column":86},"end":{"line":27,"column":1}},"line":16},"1":{"name":"RootNavigator","decl":{"start":{"line":33,"column":9},"end":{"line":33,"column":22}},"loc":{"start":{"line":33,"column":25},"end":{"line":43,"column":1}},"line":33}},"branchMap":{"0":{"loc":{"start":{"line":21,"column":13},"end":{"line":21,"column":62}},"type":"cond-expr","locations":[{"start":{"line":21,"column":38},"end":{"line":21,"column":47}},{"start":{"line":21,"column":50},"end":{"line":21,"column":62}}],"line":21}},"s":{"0":0,"1":0,"2":0},"f":{"0":0,"1":0},"b":{"0":[0,0]}}
,"/Users/shynggysumbetov/Documents/Projets/Omedom/omedom/screens/ConnexionScreen.tsx": {"path":"/Users/shynggysumbetov/Documents/Projets/Omedom/omedom/screens/ConnexionScreen.tsx","statementMap":{"0":{"start":{"line":7,"column":2},"end":{"line":12,"column":4}},"1":{"start":{"line":15,"column":15},"end":{"line":20,"column":2}}},"fnMap":{"0":{"name":"ConnexionScreen","decl":{"start":{"line":6,"column":24},"end":{"line":6,"column":39}},"loc":{"start":{"line":6,"column":42},"end":{"line":13,"column":1}},"line":6}},"branchMap":{},"s":{"0":0,"1":0},"f":{"0":0},"b":{}}
,"/Users/shynggysumbetov/Documents/Projets/Omedom/omedom/screens/MonCompteScreen.tsx": {"path":"/Users/shynggysumbetov/Documents/Projets/Omedom/omedom/screens/MonCompteScreen.tsx","statementMap":{"0":{"start":{"line":7,"column":2},"end":{"line":11,"column":4}}},"fnMap":{"0":{"name":"MonCompteScreen","decl":{"start":{"line":6,"column":24},"end":{"line":6,"column":39}},"loc":{"start":{"line":6,"column":42},"end":{"line":12,"column":1}},"line":6}},"branchMap":{},"s":{"0":0},"f":{"0":0},"b":{},"_coverageSchema":"1a1c01bbd47fc00a2c39e90264f33305004495a9","hash":"76c7aec24327fe1545443a20513a27b660eb44eb"}
,"/Users/shynggysumbetov/Documents/Projets/Omedom/omedom/screens/NotFoundScreen.tsx": {"path":"/Users/shynggysumbetov/Documents/Projets/Omedom/omedom/screens/NotFoundScreen.tsx","statementMap":{"0":{"start":{"line":10,"column":2},"end":{"line":17,"column":4}},"1":{"start":{"line":13,"column":39},"end":{"line":13,"column":65}},"2":{"start":{"line":20,"column":15},"end":{"line":40,"column":2}}},"fnMap":{"0":{"name":"NotFoundScreen","decl":{"start":{"line":7,"column":24},"end":{"line":7,"column":38}},"loc":{"start":{"line":9,"column":53},"end":{"line":18,"column":1}},"line":9},"1":{"name":"(anonymous_1)","decl":{"start":{"line":13,"column":33},"end":{"line":13,"column":34}},"loc":{"start":{"line":13,"column":39},"end":{"line":13,"column":65}},"line":13}},"branchMap":{},"s":{"0":0,"1":0,"2":0},"f":{"0":0,"1":0},"b":{}}
,"/Users/shynggysumbetov/Documents/Projets/Omedom/omedom/screens/TabContactScreen.tsx": {"path":"/Users/shynggysumbetov/Documents/Projets/Omedom/omedom/screens/TabContactScreen.tsx","statementMap":{"0":{"start":{"line":8,"column":25},"end":{"line":12,"column":1}},"1":{"start":{"line":9,"column":2},"end":{"line":11,"column":11}},"2":{"start":{"line":14,"column":15},"end":{"line":19,"column":2}}},"fnMap":{"0":{"name":"(anonymous_0)","decl":{"start":{"line":8,"column":25},"end":{"line":8,"column":26}},"loc":{"start":{"line":9,"column":2},"end":{"line":11,"column":11}},"line":9}},"branchMap":{},"s":{"0":1,"1":0,"2":1},"f":{"0":0},"b":{},"_coverageSchema":"1a1c01bbd47fc00a2c39e90264f33305004495a9","hash":"484b82b4466dca35883e0e58ff7d8a5ee360f4be"}
,"/Users/shynggysumbetov/Documents/Projets/Omedom/omedom/screens/TabFaqScreen.tsx": {"path":"/Users/shynggysumbetov/Documents/Projets/Omedom/omedom/screens/TabFaqScreen.tsx","statementMap":{"0":{"start":{"line":8,"column":21},"end":{"line":12,"column":1}},"1":{"start":{"line":9,"column":2},"end":{"line":11,"column":11}},"2":{"start":{"line":14,"column":15},"end":{"line":19,"column":2}}},"fnMap":{"0":{"name":"(anonymous_0)","decl":{"start":{"line":8,"column":21},"end":{"line":8,"column":22}},"loc":{"start":{"line":9,"column":2},"end":{"line":11,"column":11}},"line":9}},"branchMap":{},"s":{"0":1,"1":0,"2":1},"f":{"0":0},"b":{},"_coverageSchema":"1a1c01bbd47fc00a2c39e90264f33305004495a9","hash":"1e2598779f573d1da0036d6a616e066021dff35d"}
,"/Users/shynggysumbetov/Documents/Projets/Omedom/omedom/screens/TabMaTresorerieScreen.tsx": {"path":"/Users/shynggysumbetov/Documents/Projets/Omedom/omedom/screens/TabMaTresorerieScreen.tsx","statementMap":{"0":{"start":{"line":6,"column":2},"end":{"line":10,"column":4}}},"fnMap":{"0":{"name":"TabMaTresorerieScreen","decl":{"start":{"line":5,"column":24},"end":{"line":5,"column":45}},"loc":{"start":{"line":5,"column":48},"end":{"line":11,"column":1}},"line":5}},"branchMap":{},"s":{"0":0},"f":{"0":0},"b":{}}
,"/Users/shynggysumbetov/Documents/Projets/Omedom/omedom/screens/TabMesBiensScreen.tsx": {"path":"/Users/shynggysumbetov/Documents/Projets/Omedom/omedom/screens/TabMesBiensScreen.tsx","statementMap":{"0":{"start":{"line":6,"column":2},"end":{"line":14,"column":4}}},"fnMap":{"0":{"name":"TabMesBiensScreen","decl":{"start":{"line":5,"column":24},"end":{"line":5,"column":41}},"loc":{"start":{"line":5,"column":44},"end":{"line":15,"column":1}},"line":5}},"branchMap":{},"s":{"0":0},"f":{"0":0},"b":{}}
,"/Users/shynggysumbetov/Documents/Projets/Omedom/omedom/screens/TabMesChargeScreen.tsx": {"path":"/Users/shynggysumbetov/Documents/Projets/Omedom/omedom/screens/TabMesChargeScreen.tsx","statementMap":{"0":{"start":{"line":7,"column":2},"end":{"line":12,"column":4}},"1":{"start":{"line":15,"column":15},"end":{"line":20,"column":2}}},"fnMap":{"0":{"name":"TabMesChargeScreen","decl":{"start":{"line":6,"column":24},"end":{"line":6,"column":42}},"loc":{"start":{"line":6,"column":45},"end":{"line":13,"column":1}},"line":6}},"branchMap":{},"s":{"0":0,"1":0},"f":{"0":0},"b":{}}
,"/Users/shynggysumbetov/Documents/Projets/Omedom/omedom/screens/TabMonAssistantScreen.tsx": {"path":"/Users/shynggysumbetov/Documents/Projets/Omedom/omedom/screens/TabMonAssistantScreen.tsx","statementMap":{"0":{"start":{"line":8,"column":2},"end":{"line":12,"column":4}},"1":{"start":{"line":15,"column":15},"end":{"line":20,"column":2}}},"fnMap":{"0":{"name":"TabMonAssistantScreen","decl":{"start":{"line":7,"column":24},"end":{"line":7,"column":45}},"loc":{"start":{"line":7,"column":48},"end":{"line":13,"column":1}},"line":7}},"branchMap":{},"s":{"0":0,"1":0},"f":{"0":0},"b":{}}
,"/Users/shynggysumbetov/Documents/Projets/Omedom/omedom/screens/TabNotificationsScreen.tsx": {"path":"/Users/shynggysumbetov/Documents/Projets/Omedom/omedom/screens/TabNotificationsScreen.tsx","statementMap":{"0":{"start":{"line":8,"column":2},"end":{"line":12,"column":4}},"1":{"start":{"line":15,"column":15},"end":{"line":20,"column":2}}},"fnMap":{"0":{"name":"TabNotificationsScreen","decl":{"start":{"line":7,"column":24},"end":{"line":7,"column":46}},"loc":{"start":{"line":7,"column":49},"end":{"line":13,"column":1}},"line":7}},"branchMap":{},"s":{"0":0,"1":0},"f":{"0":0},"b":{}}
,"/Users/shynggysumbetov/Documents/Projets/Omedom/omedom/screens/TabTableauDeBordScreen.tsx": {"path":"/Users/shynggysumbetov/Documents/Projets/Omedom/omedom/screens/TabTableauDeBordScreen.tsx","statementMap":{"0":{"start":{"line":8,"column":2},"end":{"line":12,"column":4}},"1":{"start":{"line":15,"column":15},"end":{"line":20,"column":2}}},"fnMap":{"0":{"name":"TabTableauDeBordScreen","decl":{"start":{"line":7,"column":24},"end":{"line":7,"column":46}},"loc":{"start":{"line":7,"column":49},"end":{"line":13,"column":1}},"line":7}},"branchMap":{},"s":{"0":0,"1":0},"f":{"0":0},"b":{}}
,"/Users/shynggysumbetov/Documents/Projets/Omedom/omedom/src/mathUtils.ts": {"path":"/Users/shynggysumbetov/Documents/Projets/Omedom/omedom/src/mathUtils.ts","statementMap":{"0":{"start":{"line":1,"column":26},"end":{"line":1,"column":41}},"1":{"start":{"line":1,"column":36},"end":{"line":1,"column":41}}},"fnMap":{"0":{"name":"(anonymous_0)","decl":{"start":{"line":1,"column":26},"end":{"line":1,"column":27}},"loc":{"start":{"line":1,"column":36},"end":{"line":1,"column":41}},"line":1}},"branchMap":{},"s":{"0":1,"1":1},"f":{"0":1},"b":{},"_coverageSchema":"1a1c01bbd47fc00a2c39e90264f33305004495a9","hash":"2f78bf969e4a4123b769b214c9262995999b4457"}
}
