TN:
SF:App.tsx
FN:42,App
FN:56,(anonymous_1)
FNF:2
FNH:0
FNDA:0,App
FNDA:0,(anonymous_1)
DA:32,0
DA:34,0
DA:43,0
DA:45,0
DA:47,0
DA:48,0
DA:49,0
DA:56,0
DA:57,0
DA:58,0
DA:59,0
DA:60,0
DA:63,0
DA:70,0
LF:14
LH:0
BRDA:47,0,0,0
BRDA:47,0,1,0
BRDA:48,1,0,0
BRDA:48,1,1,0
BRDA:58,2,0,0
BRDA:58,2,1,0
BRDA:58,3,0,0
BRDA:58,3,1,0
BRF:8
BRH:0
end_of_record
TN:
SF:custom-theme.ts
FNF:0
FNH:0
DA:3,0
LF:1
LH:0
BRF:0
BRH:0
end_of_record
TN:
SF:react-native.config.ts
FNF:0
FNH:0
DA:1,0
LF:1
LH:0
BRF:0
BRH:0
end_of_record
TN:
SF:types.tsx
FNF:0
FNH:0
LF:0
LH:0
BRF:0
BRH:0
end_of_record
TN:
SF:webpack.config.js
FN:4,(anonymous_0)
FN:6,(anonymous_1)
FN:8,(anonymous_2)
FNF:3
FNH:0
FNDA:0,(anonymous_0)
FNDA:0,(anonymous_1)
FNDA:0,(anonymous_2)
DA:1,0
DA:2,0
DA:4,0
DA:5,0
DA:6,0
DA:7,0
DA:8,0
DA:9,0
DA:10,0
DA:18,0
LF:10
LH:0
BRDA:7,0,0,0
BRDA:7,0,1,0
BRDA:9,1,0,0
BRDA:9,1,1,0
BRDA:9,2,0,0
BRDA:9,2,1,0
BRDA:9,2,2,0
BRF:7
BRH:0
end_of_record
TN:
SF:assets/asset-icons.tsx
FN:4,(anonymous_0)
FN:5,(anonymous_1)
FNF:2
FNH:0
FNDA:0,(anonymous_0)
FNDA:0,(anonymous_1)
DA:4,0
DA:6,0
DA:10,0
LF:3
LH:0
BRF:0
BRH:0
end_of_record
TN:
SF:assets/feather-icons.tsx
FN:5,createIconsMap
FN:7,(anonymous_1)
FN:18,FeatherIcon
FN:26,(anonymous_3)
FN:27,(anonymous_4)
FNF:5
FNH:0
FNDA:0,createIconsMap
FNDA:0,(anonymous_1)
FNDA:0,FeatherIcon
FNDA:0,(anonymous_3)
FNDA:0,(anonymous_4)
DA:6,0
DA:8,0
DA:13,0
DA:19,0
DA:20,0
DA:26,0
DA:27,0
LF:7
LH:0
BRF:0
BRH:0
end_of_record
TN:
SF:assets/styles.ts
FNF:0
FNH:0
DA:5,0
DA:22,0
DA:31,0
DA:40,0
DA:49,0
LF:5
LH:0
BRF:0
BRH:0
end_of_record
TN:
SF:assets/stylesTypes.ts
FNF:0
FNH:0
LF:0
LH:0
BRF:0
BRH:0
end_of_record
TN:
SF:components/ActivityIndicator.tsx
FN:11,ActivityIndicator
FNF:1
FNH:0
FNDA:0,ActivityIndicator
DA:12,0
LF:1
LH:0
BRF:0
BRH:0
end_of_record
TN:
SF:components/CompteFooter.tsx
FN:5,(anonymous_0)
FN:6,(anonymous_1)
FNF:2
FNH:0
FNDA:0,(anonymous_0)
FNDA:0,(anonymous_1)
DA:5,1
DA:6,0
DA:7,0
DA:10,0
DA:26,1
LF:5
LH:2
BRF:0
BRH:0
end_of_record
TN:
SF:components/CompteHeader.tsx
FN:9,(anonymous_0)
FNF:1
FNH:0
FNDA:0,(anonymous_0)
DA:9,1
DA:10,0
LF:2
LH:1
BRF:0
BRH:0
end_of_record
TN:
SF:components/EditScreenInfo.tsx
FN:9,EditScreenInfo
FN:46,handleHelpPress
FNF:2
FNH:0
FNDA:0,EditScreenInfo
FNDA:0,handleHelpPress
DA:10,0
DA:47,0
DA:52,0
LF:3
LH:0
BRF:0
BRH:0
end_of_record
TN:
SF:components/StyledText.tsx
FN:5,MonoText
FNF:1
FNH:1
FNDA:1,MonoText
DA:6,1
LF:1
LH:1
BRF:0
BRH:0
end_of_record
TN:
SF:components/Themed.tsx
FN:7,useThemeColor
FN:29,Text
FN:36,View
FNF:3
FNH:2
FNDA:1,useThemeColor
FNDA:1,Text
FNDA:0,View
DA:11,1
DA:12,1
DA:14,1
DA:15,0
DA:17,1
DA:30,1
DA:31,1
DA:33,1
DA:37,0
DA:38,0
DA:40,0
LF:11
LH:7
BRDA:14,0,0,0
BRDA:14,0,1,1
BRF:2
BRH:1
end_of_record
TN:
SF:components/CompteBancaires/ComptesBancaires.tsx
FN:10,(anonymous_0)
FN:26,(anonymous_1)
FN:29,(anonymous_2)
FN:30,(anonymous_3)
FN:36,(anonymous_4)
FNF:5
FNH:0
FNDA:0,(anonymous_0)
FNDA:0,(anonymous_1)
FNDA:0,(anonymous_2)
FNDA:0,(anonymous_3)
FNDA:0,(anonymous_4)
DA:10,1
DA:16,0
DA:27,0
DA:29,0
DA:31,0
DA:36,0
DA:44,1
LF:7
LH:2
BRF:0
BRH:0
end_of_record
TN:
SF:components/CompteBancaires/OwnerCompte/OwnerCompte.tsx
FN:8,(anonymous_0)
FN:9,(anonymous_1)
FNF:2
FNH:0
FNDA:0,(anonymous_0)
FNDA:0,(anonymous_1)
DA:8,1
DA:9,0
DA:10,0
DA:13,0
DA:66,1
LF:5
LH:2
BRF:0
BRH:0
end_of_record
TN:
SF:components/CompteHeader/CompteHeader.tsx
FN:5,(anonymous_0)
FNF:1
FNH:0
FNDA:0,(anonymous_0)
DA:5,1
DA:7,0
LF:2
LH:1
BRF:0
BRH:0
end_of_record
TN:
SF:components/Contact/Contact.tsx
FN:7,(anonymous_0)
FN:14,(anonymous_1)
FN:15,(anonymous_2)
FN:20,(anonymous_3)
FNF:4
FNH:0
FNDA:0,(anonymous_0)
FNDA:0,(anonymous_1)
FNDA:0,(anonymous_2)
FNDA:0,(anonymous_3)
DA:7,2
DA:8,0
DA:14,0
DA:16,0
DA:21,0
DA:31,2
LF:6
LH:2
BRF:0
BRH:0
end_of_record
TN:
SF:components/Faq/Faq.tsx
FN:8,(anonymous_0)
FN:15,(anonymous_1)
FN:16,(anonymous_2)
FN:21,(anonymous_3)
FNF:4
FNH:0
FNDA:0,(anonymous_0)
FNDA:0,(anonymous_1)
FNDA:0,(anonymous_2)
FNDA:0,(anonymous_3)
DA:8,1
DA:9,0
DA:15,0
DA:17,0
DA:22,0
DA:32,1
LF:6
LH:2
BRF:0
BRH:0
end_of_record
TN:
SF:components/Icon/Icon.tsx
FN:21,Icon
FNF:1
FNH:0
FNDA:0,Icon
DA:19,0
DA:24,0
DA:26,0
DA:27,0
DA:28,0
DA:29,0
DA:30,0
DA:31,0
DA:33,0
DA:35,0
DA:36,0
DA:37,0
DA:39,0
LF:13
LH:0
BRDA:26,0,0,0
BRDA:26,0,1,0
BRDA:28,1,0,0
BRDA:28,1,1,0
BRDA:30,2,0,0
BRDA:30,2,1,0
BRDA:36,3,0,0
BRDA:36,3,1,0
BRF:8
BRH:0
end_of_record
TN:
SF:components/Icon/index.ts
FNF:0
FNH:0
LF:0
LH:0
BRF:0
BRH:0
end_of_record
TN:
SF:components/Icon/typegenerator.js
FNF:0
FNH:0
LF:0
LH:0
BRF:0
BRH:0
end_of_record
TN:
SF:components/LogoPicture/LogoPicture.tsx
FN:4,(anonymous_0)
FNF:1
FNH:0
FNDA:0,(anonymous_0)
DA:4,0
DA:5,0
DA:13,0
LF:3
LH:0
BRF:0
BRH:0
end_of_record
TN:
SF:components/MesBiens/GraphicsII.tsx
FN:6,(anonymous_0)
FNF:1
FNH:0
FNDA:0,(anonymous_0)
DA:6,0
DA:7,0
DA:56,0
LF:3
LH:0
BRF:0
BRH:0
end_of_record
TN:
SF:components/MesBiens/MesBiens.tsx
FN:7,(anonymous_0)
FNF:1
FNH:0
FNDA:0,(anonymous_0)
DA:7,0
DA:8,0
LF:2
LH:0
BRF:0
BRH:0
end_of_record
TN:
SF:components/MonAssistant/MonAssistant.tsx
FN:5,(anonymous_0)
FNF:1
FNH:0
FNDA:0,(anonymous_0)
DA:5,0
DA:6,0
DA:19,0
LF:3
LH:0
BRF:0
BRH:0
end_of_record
TN:
SF:components/MonCompte/Informations.tsx
FN:5,(anonymous_0)
FN:6,(anonymous_1)
FNF:2
FNH:0
FNDA:0,(anonymous_0)
FNDA:0,(anonymous_1)
DA:5,2
DA:6,0
DA:7,0
DA:10,0
DA:40,2
LF:5
LH:2
BRF:0
BRH:0
end_of_record
TN:
SF:components/MonCompte/MonCompte.tsx
FN:6,(anonymous_0)
FNF:1
FNH:0
FNDA:0,(anonymous_0)
DA:6,2
DA:7,0
LF:2
LH:1
BRF:0
BRH:0
end_of_record
TN:
SF:components/Notifications/Notifications.tsx
FN:5,(anonymous_0)
FNF:1
FNH:0
FNDA:0,(anonymous_0)
DA:5,0
DA:14,0
DA:120,0
LF:3
LH:0
BRF:0
BRH:0
end_of_record
TN:
SF:components/ProfilePicture/ProfilePicture.tsx
FN:10,(anonymous_0)
FNF:1
FNH:0
FNDA:0,(anonymous_0)
DA:10,0
DA:11,0
LF:2
LH:0
BRDA:10,0,0,0
BRF:1
BRH:0
end_of_record
TN:
SF:components/TableauDeBord/Graphics.tsx
FN:14,(anonymous_0)
FNF:1
FNH:0
FNDA:0,(anonymous_0)
DA:7,0
DA:14,0
DA:15,0
DA:58,0
LF:4
LH:0
BRF:0
BRH:0
end_of_record
TN:
SF:components/TableauDeBord/TableauDeBord.tsx
FN:8,(anonymous_0)
FNF:1
FNH:0
FNDA:0,(anonymous_0)
DA:8,0
DA:9,0
LF:2
LH:0
BRF:0
BRH:0
end_of_record
TN:
SF:components/Tresorerie/Tresorerie.tsx
FN:6,(anonymous_0)
FNF:1
FNH:0
FNDA:0,(anonymous_0)
DA:6,0
DA:7,0
LF:2
LH:0
BRF:0
BRH:0
end_of_record
TN:
SF:constants/Colors.ts
FNF:0
FNH:0
DA:1,1
DA:2,1
LF:2
LH:2
BRF:0
BRH:0
end_of_record
TN:
SF:constants/IconConstants.ts
FNF:0
FNH:0
DA:1,0
LF:1
LH:0
BRF:0
BRH:0
end_of_record
TN:
SF:constants/Layout.ts
FNF:0
FNH:0
DA:3,0
DA:4,0
LF:2
LH:0
BRF:0
BRH:0
end_of_record
TN:
SF:hooks/useAssetLoader.ts
FN:32,useAssetLoader
FN:35,(anonymous_1)
FN:40,(anonymous_2)
FN:50,(anonymous_3)
FN:54,(anonymous_4)
FN:60,(anonymous_5)
FN:70,cacheImages
FN:73,(anonymous_7)
FN:80,cacheFonts
FNF:9
FNH:0
FNDA:0,useAssetLoader
FNDA:0,(anonymous_1)
FNDA:0,(anonymous_2)
FNDA:0,(anonymous_3)
FNDA:0,(anonymous_4)
FNDA:0,(anonymous_5)
FNDA:0,cacheImages
FNDA:0,(anonymous_7)
FNDA:0,cacheFonts
DA:33,0
DA:35,0
DA:36,0
DA:37,0
DA:40,0
DA:41,0
DA:42,0
DA:45,0
DA:46,0
DA:50,0
DA:51,0
DA:54,0
DA:55,0
DA:58,0
DA:61,0
DA:71,0
DA:73,0
DA:81,0
LF:18
LH:0
BRDA:32,0,0,0
BRDA:41,1,0,0
BRDA:41,1,1,0
BRDA:45,2,0,0
BRDA:45,2,1,0
BRDA:73,3,0,0
BRDA:73,3,1,0
BRF:7
BRH:0
end_of_record
TN:
SF:hooks/useCachedResources.ts
FN:6,useCachedResources
FN:10,(anonymous_1)
FN:11,loadResourcesAndDataAsync
FNF:3
FNH:0
FNDA:0,useCachedResources
FNDA:0,(anonymous_1)
FNDA:0,loadResourcesAndDataAsync
DA:7,0
DA:10,0
DA:12,0
DA:13,0
DA:16,0
DA:22,0
DA:24,0
DA:25,0
DA:29,0
DA:32,0
LF:10
LH:0
BRF:0
BRH:0
end_of_record
TN:
SF:hooks/useColorScheme.ts
FN:6,useColorScheme
FNF:1
FNH:1
FNDA:1,useColorScheme
DA:7,1
LF:1
LH:1
BRF:0
BRH:0
end_of_record
TN:
SF:hooks/useColorScheme.web.ts
FN:3,useColorScheme
FNF:1
FNH:0
FNDA:0,useColorScheme
DA:4,0
LF:1
LH:0
BRF:0
BRH:0
end_of_record
TN:
SF:mockData/comptes.ts
FNF:0
FNH:0
DA:1,0
LF:1
LH:0
BRF:0
BRH:0
end_of_record
TN:
SF:mockData/comptesData.ts
FNF:0
FNH:0
DA:1,1
LF:1
LH:1
BRF:0
BRH:0
end_of_record
TN:
SF:mockData/faqDATA.ts
FNF:0
FNH:0
DA:1,2
LF:1
LH:1
BRF:0
BRH:0
end_of_record
TN:
SF:navigation/BottomTabNavigator.tsx
FN:18,(anonymous_0)
FN:22,(anonymous_1)
FN:26,(anonymous_2)
FN:30,(anonymous_3)
FN:34,(anonymous_4)
FN:40,(anonymous_5)
FN:45,(anonymous_6)
FN:58,BottomTabNavigator
FN:63,(anonymous_8)
FNF:9
FNH:0
FNDA:0,(anonymous_0)
FNDA:0,(anonymous_1)
FNDA:0,(anonymous_2)
FNDA:0,(anonymous_3)
FNDA:0,(anonymous_4)
FNDA:0,(anonymous_5)
FNDA:0,(anonymous_6)
FNDA:0,BottomTabNavigator
FNDA:0,(anonymous_8)
DA:18,0
DA:19,0
DA:22,0
DA:23,0
DA:26,0
DA:27,0
DA:30,0
DA:31,0
DA:34,0
DA:35,0
DA:40,0
DA:42,0
DA:45,0
DA:56,0
DA:59,0
DA:63,0
LF:16
LH:0
BRF:0
BRH:0
end_of_record
TN:
SF:navigation/CustomDrawer.tsx
FN:4,(anonymous_0)
FN:7,(anonymous_1)
FNF:2
FNH:0
FNDA:0,(anonymous_0)
FNDA:0,(anonymous_1)
DA:4,0
DA:5,0
DA:9,0
DA:11,0
DA:12,0
DA:14,0
DA:15,0
DA:17,0
DA:18,0
DA:20,0
DA:21,0
DA:23,0
DA:24,0
DA:26,0
DA:27,0
DA:29,0
DA:30,0
DA:32,0
DA:33,0
LF:19
LH:0
BRDA:9,0,0,0
BRDA:9,0,1,0
BRDA:9,0,2,0
BRDA:9,0,3,0
BRDA:9,0,4,0
BRDA:9,0,5,0
BRDA:9,0,6,0
BRDA:9,0,7,0
BRF:8
BRH:0
end_of_record
TN:
SF:navigation/DrawerNavigator.tsx
FN:23,(anonymous_0)
FN:26,(anonymous_1)
FN:34,(anonymous_2)
FN:37,(anonymous_3)
FN:40,getIcon
FN:51,(anonymous_5)
FN:54,(anonymous_6)
FN:57,getIcon
FN:67,(anonymous_8)
FN:70,(anonymous_9)
FN:73,getIcon
FN:83,(anonymous_11)
FN:86,(anonymous_12)
FN:89,getIcon
FN:99,(anonymous_14)
FN:102,(anonymous_15)
FN:105,getIcon
FN:115,(anonymous_17)
FN:118,(anonymous_18)
FN:121,getIcon
FN:131,(anonymous_20)
FN:134,(anonymous_21)
FN:137,getIcon
FN:147,(anonymous_23)
FN:150,(anonymous_24)
FN:153,getIcon
FNF:26
FNH:0
FNDA:0,(anonymous_0)
FNDA:0,(anonymous_1)
FNDA:0,(anonymous_2)
FNDA:0,(anonymous_3)
FNDA:0,getIcon
FNDA:0,(anonymous_5)
FNDA:0,(anonymous_6)
FNDA:0,getIcon
FNDA:0,(anonymous_8)
FNDA:0,(anonymous_9)
FNDA:0,getIcon
FNDA:0,(anonymous_11)
FNDA:0,(anonymous_12)
FNDA:0,getIcon
FNDA:0,(anonymous_14)
FNDA:0,(anonymous_15)
FNDA:0,getIcon
FNDA:0,(anonymous_17)
FNDA:0,(anonymous_18)
FNDA:0,getIcon
FNDA:0,(anonymous_20)
FNDA:0,(anonymous_21)
FNDA:0,getIcon
FNDA:0,(anonymous_23)
FNDA:0,(anonymous_24)
FNDA:0,getIcon
DA:21,0
DA:23,0
DA:24,0
DA:26,0
DA:35,0
DA:38,0
DA:41,0
DA:52,0
DA:55,0
DA:58,0
DA:68,0
DA:71,0
DA:74,0
DA:84,0
DA:87,0
DA:90,0
DA:100,0
DA:103,0
DA:106,0
DA:116,0
DA:119,0
DA:122,0
DA:132,0
DA:135,0
DA:138,0
DA:148,0
DA:151,0
DA:154,0
LF:28
LH:0
BRF:0
BRH:0
end_of_record
TN:
SF:navigation/HeaderLeftOpenDrawerNavigation.tsx
FN:6,(anonymous_0)
FN:8,(anonymous_1)
FNF:2
FNH:0
FNDA:0,(anonymous_0)
FNDA:0,(anonymous_1)
DA:6,0
DA:8,0
LF:2
LH:0
BRF:0
BRH:0
end_of_record
TN:
SF:navigation/HeaderRightOpenDrawerNavigation.tsx
FN:6,(anonymous_0)
FN:8,(anonymous_1)
FNF:2
FNH:0
FNDA:0,(anonymous_0)
FNDA:0,(anonymous_1)
DA:6,0
DA:8,0
DA:9,0
LF:3
LH:0
BRF:0
BRH:0
end_of_record
TN:
SF:navigation/LinkingConfiguration.ts
FNF:0
FNH:0
LF:0
LH:0
BRF:0
BRH:0
end_of_record
TN:
SF:navigation/StackNavigators.tsx
FN:22,TabMesBiensNavigator
FN:36,(anonymous_1)
FN:39,(anonymous_2)
FN:50,TabMesChargesNavigator
FN:61,(anonymous_4)
FN:67,(anonymous_5)
FN:78,TabTableauDeBordNavigator
FN:89,(anonymous_7)
FN:95,(anonymous_8)
FN:106,TabMonAssistantNavigator
FN:117,(anonymous_10)
FN:123,(anonymous_11)
FN:134,TabNotificationsNavigator
FN:145,(anonymous_13)
FN:151,(anonymous_14)
FNF:15
FNH:0
FNDA:0,TabMesBiensNavigator
FNDA:0,(anonymous_1)
FNDA:0,(anonymous_2)
FNDA:0,TabMesChargesNavigator
FNDA:0,(anonymous_4)
FNDA:0,(anonymous_5)
FNDA:0,TabTableauDeBordNavigator
FNDA:0,(anonymous_7)
FNDA:0,(anonymous_8)
FNDA:0,TabMonAssistantNavigator
FNDA:0,(anonymous_10)
FNDA:0,(anonymous_11)
FNDA:0,TabNotificationsNavigator
FNDA:0,(anonymous_13)
FNDA:0,(anonymous_14)
DA:20,0
DA:23,0
DA:37,0
DA:40,0
DA:48,0
DA:51,0
DA:62,0
DA:68,0
DA:76,0
DA:79,0
DA:90,0
DA:96,0
DA:104,0
DA:107,0
DA:118,0
DA:124,0
DA:132,0
DA:135,0
DA:146,0
DA:152,0
LF:20
LH:0
BRF:0
BRH:0
end_of_record
TN:
SF:navigation/index.tsx
FN:16,Navigation
FN:33,RootNavigator
FNF:2
FNH:0
FNDA:0,Navigation
FNDA:0,RootNavigator
DA:17,0
DA:31,0
DA:34,0
LF:3
LH:0
BRDA:21,0,0,0
BRDA:21,0,1,0
BRF:2
BRH:0
end_of_record
TN:
SF:screens/LoginScreen.tsx
FN:6,ConnexionScreen
FNF:1
FNH:0
FNDA:0,ConnexionScreen
DA:7,0
DA:15,0
LF:2
LH:0
BRF:0
BRH:0
end_of_record
TN:
SF:screens/MonCompteScreen
FN:6,MonCompteScreen
FNF:1
FNH:0
FNDA:0,MonCompteScreen
DA:7,0
LF:1
LH:0
BRF:0
BRH:0
end_of_record
TN:
SF:screens/NotFoundScreen.tsx
FN:7,NotFoundScreen
FN:13,(anonymous_1)
FNF:2
FNH:0
FNDA:0,NotFoundScreen
FNDA:0,(anonymous_1)
DA:10,0
DA:13,0
DA:20,0
LF:3
LH:0
BRF:0
BRH:0
end_of_record
TN:
SF:screens/TabContactScreen
FN:8,(anonymous_0)
FNF:1
FNH:0
FNDA:0,(anonymous_0)
DA:8,1
DA:9,0
DA:14,1
LF:3
LH:2
BRF:0
BRH:0
end_of_record
TN:
SF:screens/TabFaqScreen
FN:8,(anonymous_0)
FNF:1
FNH:0
FNDA:0,(anonymous_0)
DA:8,1
DA:9,0
DA:14,1
LF:3
LH:2
BRF:0
BRH:0
end_of_record
TN:
SF:screens/TabMaTresorerieScreen
FN:5,TabMaTresorerieScreen
FNF:1
FNH:0
FNDA:0,TabMaTresorerieScreen
DA:6,0
LF:1
LH:0
BRF:0
BRH:0
end_of_record
TN:
SF:screens/TabMesBiensScreen
FN:5,TabMesBiensScreen
FNF:1
FNH:0
FNDA:0,TabMesBiensScreen
DA:6,0
LF:1
LH:0
BRF:0
BRH:0
end_of_record
TN:
SF:screens/TabMesChargeScreen.tsx
FN:6,TabMesChargeScreen
FNF:1
FNH:0
FNDA:0,TabMesChargeScreen
DA:7,0
DA:15,0
LF:2
LH:0
BRF:0
BRH:0
end_of_record
TN:
SF:screens/TabMonAssistantScreen
FN:7,TabMonAssistantScreen
FNF:1
FNH:0
FNDA:0,TabMonAssistantScreen
DA:8,0
DA:15,0
LF:2
LH:0
BRF:0
BRH:0
end_of_record
TN:
SF:screens/TabNotificationsScreen
FN:7,TabNotificationsScreen
FNF:1
FNH:0
FNDA:0,TabNotificationsScreen
DA:8,0
DA:15,0
LF:2
LH:0
BRF:0
BRH:0
end_of_record
TN:
SF:screens/TabTableauDeBordScreen
FN:7,TabTableauDeBordScreen
FNF:1
FNH:0
FNDA:0,TabTableauDeBordScreen
DA:8,0
DA:15,0
LF:2
LH:0
BRF:0
BRH:0
end_of_record
TN:
SF:src/aws-exports.js
FNF:0
FNH:0
DA:4,0
LF:1
LH:0
BRF:0
BRH:0
end_of_record
TN:
SF:src/aws-exports.ts
FNF:0
FNH:0
DA:4,0
LF:1
LH:0
BRF:0
BRH:0
end_of_record
TN:
SF:src/mathUtils.ts
FN:1,(anonymous_0)
FNF:1
FNH:1
FNDA:1,(anonymous_0)
DA:1,1
LF:1
LH:1
BRF:0
BRH:0
end_of_record
